<?xml version="1.0" encoding="utf-8"?><testsuites name="pytest tests"><testsuite name="pytest" errors="6" failures="4" skipped="0" tests="17" time="9.225" timestamp="2025-08-17T11:07:23.457692+04:00" hostname="Ruths-MacBook-Air.local"><testcase classname="tests.test_ab_testing.TestABTestingFramework" name="test_experiment_creation" time="0.152" /><testcase classname="tests.test_ab_testing.TestABTestingFramework" name="test_experiment_variant_management" time="0.010" /><testcase classname="tests.test_ab_testing.TestABTestingFramework" name="test_user_experiment_assignment" time="0.986" /><testcase classname="tests.test_ab_testing.TestABTestingFramework" name="test_consistent_user_assignment" time="0.788" /><testcase classname="tests.test_ab_testing.TestABTestingFramework" name="test_experiment_traffic_allocation" time="0.786" /><testcase classname="tests.test_ab_testing.TestExperimentMetricsTracking" name="test_conversion_event_tracking" time="0.843"><failure message="AttributeError: 'coroutine' object has no attribute 'id'">tests/test_ab_testing.py:278: in test_conversion_event_tracking
    ab_service.create_variant(experiment.id, "control", {}, 0.5)
                              ^^^^^^^^^^^^^
E   AttributeError: 'coroutine' object has no attribute 'id'</failure></testcase><testcase classname="tests.test_ab_testing.TestExperimentMetricsTracking" name="test_experiment_performance_analysis" time="0.782"><failure message="AttributeError: 'coroutine' object has no attribute 'id'">tests/test_ab_testing.py:314: in test_experiment_performance_analysis
    control_variant = ab_service.create_variant(experiment.id, "control", {}, 0.5)
                                                ^^^^^^^^^^^^^
E   AttributeError: 'coroutine' object has no attribute 'id'</failure></testcase><testcase classname="tests.test_ab_testing.TestExperimentMetricsTracking" name="test_statistical_significance_calculation" time="0.009" /><testcase classname="tests.test_ab_testing.TestExperimentMetricsTracking" name="test_experiment_segmentation_analysis" time="0.008" /><testcase classname="tests.test_ab_testing.TestExperimentFeatureIntegration" name="test_photo_reveal_timing_experiment" time="0.000"><error message="failed on setup with &quot;file /Users/alex/Desktop/Projects/DAPP/python-backend/tests/test_ab_testing.py, line 560&#10;      @pytest.mark.unit&#10;      @pytest.mark.ab_testing&#10;      def test_photo_reveal_timing_experiment(self, ab_service, soul_connection_data):&#10;E       fixture 'ab_service' not found&#10;&gt;       available fixtures: _class_scoped_runner, _function_scoped_runner, _module_scoped_runner, _package_scoped_runner, _session_faker, _session_scoped_runner, ab_testing_service, ai_matching_service, analytics_service, anyio_backend, anyio_backend_name, anyio_backend_options, async_ai_service, async_client, async_client_with_db, async_db_session, async_performance_monitor, async_realtime_service, async_test_data_generator, auth_headers, authenticated_user, benchmark, benchmark_weave, cache, capfd, capfdbinary, caplog, capsys, capsysbinary, capteesys, client, complete_revelation_cycle, cov, db_session, doctest_namespace, event_loop, event_loop_policy, extra, extras, factories, faker, free_tcp_port, free_tcp_port_factory, free_udp_port, free_udp_port_factory, high_compatibility_users, include_metadata_in_junit_xml, json_metadata, low_compatibility_users, matching_users, message_service, metadata, mock_redis_async, monkeypatch, multi_stage_connections, no_cover, performance_config, performance_test_data, push_notification_service, pytestconfig, realtime_service, record_property, record_testsuite_property, record_xml_attribute, recwarn, revelation_service, security_test_data, soul_compatibility_service, soul_connection_data, test_db, test_match, test_profile, test_user, testrun_uid, tmp_path, tmp_path_factory, tmpdir, tmpdir_factory, unused_tcp_port, unused_tcp_port_factory, unused_udp_port, unused_udp_port_factory, websocket_test_client, websocket_test_data, worker_id&#10;&gt;       use 'pytest --fixtures [testpath]' for help on them.&#10;&#10;/Users/alex/Desktop/Projects/DAPP/python-backend/tests/test_ab_testing.py:560&quot;">file /Users/alex/Desktop/Projects/DAPP/python-backend/tests/test_ab_testing.py, line 560
      @pytest.mark.unit
      @pytest.mark.ab_testing
      def test_photo_reveal_timing_experiment(self, ab_service, soul_connection_data):
E       fixture 'ab_service' not found
&gt;       available fixtures: _class_scoped_runner, _function_scoped_runner, _module_scoped_runner, _package_scoped_runner, _session_faker, _session_scoped_runner, ab_testing_service, ai_matching_service, analytics_service, anyio_backend, anyio_backend_name, anyio_backend_options, async_ai_service, async_client, async_client_with_db, async_db_session, async_performance_monitor, async_realtime_service, async_test_data_generator, auth_headers, authenticated_user, benchmark, benchmark_weave, cache, capfd, capfdbinary, caplog, capsys, capsysbinary, capteesys, client, complete_revelation_cycle, cov, db_session, doctest_namespace, event_loop, event_loop_policy, extra, extras, factories, faker, free_tcp_port, free_tcp_port_factory, free_udp_port, free_udp_port_factory, high_compatibility_users, include_metadata_in_junit_xml, json_metadata, low_compatibility_users, matching_users, message_service, metadata, mock_redis_async, monkeypatch, multi_stage_connections, no_cover, performance_config, performance_test_data, push_notification_service, pytestconfig, realtime_service, record_property, record_testsuite_property, record_xml_attribute, recwarn, revelation_service, security_test_data, soul_compatibility_service, soul_connection_data, test_db, test_match, test_profile, test_user, testrun_uid, tmp_path, tmp_path_factory, tmpdir, tmpdir_factory, unused_tcp_port, unused_tcp_port_factory, unused_udp_port, unused_udp_port_factory, websocket_test_client, websocket_test_data, worker_id
&gt;       use 'pytest --fixtures [testpath]' for help on them.

/Users/alex/Desktop/Projects/DAPP/python-backend/tests/test_ab_testing.py:560</error></testcase><testcase classname="tests.test_ab_testing.TestExperimentSafety" name="test_experiment_traffic_limits" time="0.000"><error message="failed on setup with &quot;file /Users/alex/Desktop/Projects/DAPP/python-backend/tests/test_ab_testing.py, line 595&#10;      @pytest.mark.unit&#10;      @pytest.mark.ab_testing&#10;      @pytest.mark.security&#10;      def test_experiment_traffic_limits(self, ab_service):&#10;E       fixture 'ab_service' not found&#10;&gt;       available fixtures: _class_scoped_runner, _function_scoped_runner, _module_scoped_runner, _package_scoped_runner, _session_faker, _session_scoped_runner, ab_testing_service, ai_matching_service, analytics_service, anyio_backend, anyio_backend_name, anyio_backend_options, async_ai_service, async_client, async_client_with_db, async_db_session, async_performance_monitor, async_realtime_service, async_test_data_generator, auth_headers, authenticated_user, benchmark, benchmark_weave, cache, capfd, capfdbinary, caplog, capsys, capsysbinary, capteesys, client, complete_revelation_cycle, cov, db_session, doctest_namespace, event_loop, event_loop_policy, extra, extras, factories, faker, free_tcp_port, free_tcp_port_factory, free_udp_port, free_udp_port_factory, high_compatibility_users, include_metadata_in_junit_xml, json_metadata, low_compatibility_users, matching_users, message_service, metadata, mock_redis_async, monkeypatch, multi_stage_connections, no_cover, performance_config, performance_test_data, push_notification_service, pytestconfig, realtime_service, record_property, record_testsuite_property, record_xml_attribute, recwarn, revelation_service, security_test_data, soul_compatibility_service, soul_connection_data, test_db, test_match, test_profile, test_user, testrun_uid, tmp_path, tmp_path_factory, tmpdir, tmpdir_factory, unused_tcp_port, unused_tcp_port_factory, unused_udp_port, unused_udp_port_factory, websocket_test_client, websocket_test_data, worker_id&#10;&gt;       use 'pytest --fixtures [testpath]' for help on them.&#10;&#10;/Users/alex/Desktop/Projects/DAPP/python-backend/tests/test_ab_testing.py:595&quot;">file /Users/alex/Desktop/Projects/DAPP/python-backend/tests/test_ab_testing.py, line 595
      @pytest.mark.unit
      @pytest.mark.ab_testing
      @pytest.mark.security
      def test_experiment_traffic_limits(self, ab_service):
E       fixture 'ab_service' not found
&gt;       available fixtures: _class_scoped_runner, _function_scoped_runner, _module_scoped_runner, _package_scoped_runner, _session_faker, _session_scoped_runner, ab_testing_service, ai_matching_service, analytics_service, anyio_backend, anyio_backend_name, anyio_backend_options, async_ai_service, async_client, async_client_with_db, async_db_session, async_performance_monitor, async_realtime_service, async_test_data_generator, auth_headers, authenticated_user, benchmark, benchmark_weave, cache, capfd, capfdbinary, caplog, capsys, capsysbinary, capteesys, client, complete_revelation_cycle, cov, db_session, doctest_namespace, event_loop, event_loop_policy, extra, extras, factories, faker, free_tcp_port, free_tcp_port_factory, free_udp_port, free_udp_port_factory, high_compatibility_users, include_metadata_in_junit_xml, json_metadata, low_compatibility_users, matching_users, message_service, metadata, mock_redis_async, monkeypatch, multi_stage_connections, no_cover, performance_config, performance_test_data, push_notification_service, pytestconfig, realtime_service, record_property, record_testsuite_property, record_xml_attribute, recwarn, revelation_service, security_test_data, soul_compatibility_service, soul_connection_data, test_db, test_match, test_profile, test_user, testrun_uid, tmp_path, tmp_path_factory, tmpdir, tmpdir_factory, unused_tcp_port, unused_tcp_port_factory, unused_udp_port, unused_udp_port_factory, websocket_test_client, websocket_test_data, worker_id
&gt;       use 'pytest --fixtures [testpath]' for help on them.

/Users/alex/Desktop/Projects/DAPP/python-backend/tests/test_ab_testing.py:595</error></testcase><testcase classname="tests.test_ab_testing.TestExperimentSafety" name="test_experiment_variant_validation" time="0.000"><error message="failed on setup with &quot;file /Users/alex/Desktop/Projects/DAPP/python-backend/tests/test_ab_testing.py, line 613&#10;      @pytest.mark.unit&#10;      @pytest.mark.ab_testing&#10;      @pytest.mark.security&#10;      def test_experiment_variant_validation(self, ab_service):&#10;E       fixture 'ab_service' not found&#10;&gt;       available fixtures: _class_scoped_runner, _function_scoped_runner, _module_scoped_runner, _package_scoped_runner, _session_faker, _session_scoped_runner, ab_testing_service, ai_matching_service, analytics_service, anyio_backend, anyio_backend_name, anyio_backend_options, async_ai_service, async_client, async_client_with_db, async_db_session, async_performance_monitor, async_realtime_service, async_test_data_generator, auth_headers, authenticated_user, benchmark, benchmark_weave, cache, capfd, capfdbinary, caplog, capsys, capsysbinary, capteesys, client, complete_revelation_cycle, cov, db_session, doctest_namespace, event_loop, event_loop_policy, extra, extras, factories, faker, free_tcp_port, free_tcp_port_factory, free_udp_port, free_udp_port_factory, high_compatibility_users, include_metadata_in_junit_xml, json_metadata, low_compatibility_users, matching_users, message_service, metadata, mock_redis_async, monkeypatch, multi_stage_connections, no_cover, performance_config, performance_test_data, push_notification_service, pytestconfig, realtime_service, record_property, record_testsuite_property, record_xml_attribute, recwarn, revelation_service, security_test_data, soul_compatibility_service, soul_connection_data, test_db, test_match, test_profile, test_user, testrun_uid, tmp_path, tmp_path_factory, tmpdir, tmpdir_factory, unused_tcp_port, unused_tcp_port_factory, unused_udp_port, unused_udp_port_factory, websocket_test_client, websocket_test_data, worker_id&#10;&gt;       use 'pytest --fixtures [testpath]' for help on them.&#10;&#10;/Users/alex/Desktop/Projects/DAPP/python-backend/tests/test_ab_testing.py:613&quot;">file /Users/alex/Desktop/Projects/DAPP/python-backend/tests/test_ab_testing.py, line 613
      @pytest.mark.unit
      @pytest.mark.ab_testing
      @pytest.mark.security
      def test_experiment_variant_validation(self, ab_service):
E       fixture 'ab_service' not found
&gt;       available fixtures: _class_scoped_runner, _function_scoped_runner, _module_scoped_runner, _package_scoped_runner, _session_faker, _session_scoped_runner, ab_testing_service, ai_matching_service, analytics_service, anyio_backend, anyio_backend_name, anyio_backend_options, async_ai_service, async_client, async_client_with_db, async_db_session, async_performance_monitor, async_realtime_service, async_test_data_generator, auth_headers, authenticated_user, benchmark, benchmark_weave, cache, capfd, capfdbinary, caplog, capsys, capsysbinary, capteesys, client, complete_revelation_cycle, cov, db_session, doctest_namespace, event_loop, event_loop_policy, extra, extras, factories, faker, free_tcp_port, free_tcp_port_factory, free_udp_port, free_udp_port_factory, high_compatibility_users, include_metadata_in_junit_xml, json_metadata, low_compatibility_users, matching_users, message_service, metadata, mock_redis_async, monkeypatch, multi_stage_connections, no_cover, performance_config, performance_test_data, push_notification_service, pytestconfig, realtime_service, record_property, record_testsuite_property, record_xml_attribute, recwarn, revelation_service, security_test_data, soul_compatibility_service, soul_connection_data, test_db, test_match, test_profile, test_user, testrun_uid, tmp_path, tmp_path_factory, tmpdir, tmpdir_factory, unused_tcp_port, unused_tcp_port_factory, unused_udp_port, unused_udp_port_factory, websocket_test_client, websocket_test_data, worker_id
&gt;       use 'pytest --fixtures [testpath]' for help on them.

/Users/alex/Desktop/Projects/DAPP/python-backend/tests/test_ab_testing.py:613</error></testcase><testcase classname="tests.test_ab_testing.TestExperimentSafety" name="test_experiment_date_validation" time="0.000"><error message="failed on setup with &quot;file /Users/alex/Desktop/Projects/DAPP/python-backend/tests/test_ab_testing.py, line 630&#10;      @pytest.mark.unit&#10;      @pytest.mark.ab_testing&#10;      def test_experiment_date_validation(self, ab_service):&#10;E       fixture 'ab_service' not found&#10;&gt;       available fixtures: _class_scoped_runner, _function_scoped_runner, _module_scoped_runner, _package_scoped_runner, _session_faker, _session_scoped_runner, ab_testing_service, ai_matching_service, analytics_service, anyio_backend, anyio_backend_name, anyio_backend_options, async_ai_service, async_client, async_client_with_db, async_db_session, async_performance_monitor, async_realtime_service, async_test_data_generator, auth_headers, authenticated_user, benchmark, benchmark_weave, cache, capfd, capfdbinary, caplog, capsys, capsysbinary, capteesys, client, complete_revelation_cycle, cov, db_session, doctest_namespace, event_loop, event_loop_policy, extra, extras, factories, faker, free_tcp_port, free_tcp_port_factory, free_udp_port, free_udp_port_factory, high_compatibility_users, include_metadata_in_junit_xml, json_metadata, low_compatibility_users, matching_users, message_service, metadata, mock_redis_async, monkeypatch, multi_stage_connections, no_cover, performance_config, performance_test_data, push_notification_service, pytestconfig, realtime_service, record_property, record_testsuite_property, record_xml_attribute, recwarn, revelation_service, security_test_data, soul_compatibility_service, soul_connection_data, test_db, test_match, test_profile, test_user, testrun_uid, tmp_path, tmp_path_factory, tmpdir, tmpdir_factory, unused_tcp_port, unused_tcp_port_factory, unused_udp_port, unused_udp_port_factory, websocket_test_client, websocket_test_data, worker_id&#10;&gt;       use 'pytest --fixtures [testpath]' for help on them.&#10;&#10;/Users/alex/Desktop/Projects/DAPP/python-backend/tests/test_ab_testing.py:630&quot;">file /Users/alex/Desktop/Projects/DAPP/python-backend/tests/test_ab_testing.py, line 630
      @pytest.mark.unit
      @pytest.mark.ab_testing
      def test_experiment_date_validation(self, ab_service):
E       fixture 'ab_service' not found
&gt;       available fixtures: _class_scoped_runner, _function_scoped_runner, _module_scoped_runner, _package_scoped_runner, _session_faker, _session_scoped_runner, ab_testing_service, ai_matching_service, analytics_service, anyio_backend, anyio_backend_name, anyio_backend_options, async_ai_service, async_client, async_client_with_db, async_db_session, async_performance_monitor, async_realtime_service, async_test_data_generator, auth_headers, authenticated_user, benchmark, benchmark_weave, cache, capfd, capfdbinary, caplog, capsys, capsysbinary, capteesys, client, complete_revelation_cycle, cov, db_session, doctest_namespace, event_loop, event_loop_policy, extra, extras, factories, faker, free_tcp_port, free_tcp_port_factory, free_udp_port, free_udp_port_factory, high_compatibility_users, include_metadata_in_junit_xml, json_metadata, low_compatibility_users, matching_users, message_service, metadata, mock_redis_async, monkeypatch, multi_stage_connections, no_cover, performance_config, performance_test_data, push_notification_service, pytestconfig, realtime_service, record_property, record_testsuite_property, record_xml_attribute, recwarn, revelation_service, security_test_data, soul_compatibility_service, soul_connection_data, test_db, test_match, test_profile, test_user, testrun_uid, tmp_path, tmp_path_factory, tmpdir, tmpdir_factory, unused_tcp_port, unused_tcp_port_factory, unused_udp_port, unused_udp_port_factory, websocket_test_client, websocket_test_data, worker_id
&gt;       use 'pytest --fixtures [testpath]' for help on them.

/Users/alex/Desktop/Projects/DAPP/python-backend/tests/test_ab_testing.py:630</error></testcase><testcase classname="tests.test_ab_testing.TestExperimentSafety" name="test_experiment_performance_monitoring" time="0.000"><error message="failed on setup with &quot;file /Users/alex/Desktop/Projects/DAPP/python-backend/tests/test_ab_testing.py, line 645&#10;      @pytest.mark.unit&#10;      @pytest.mark.ab_testing&#10;      def test_experiment_performance_monitoring(self, ab_service):&#10;E       fixture 'ab_service' not found&#10;&gt;       available fixtures: _class_scoped_runner, _function_scoped_runner, _module_scoped_runner, _package_scoped_runner, _session_faker, _session_scoped_runner, ab_testing_service, ai_matching_service, analytics_service, anyio_backend, anyio_backend_name, anyio_backend_options, async_ai_service, async_client, async_client_with_db, async_db_session, async_performance_monitor, async_realtime_service, async_test_data_generator, auth_headers, authenticated_user, benchmark, benchmark_weave, cache, capfd, capfdbinary, caplog, capsys, capsysbinary, capteesys, client, complete_revelation_cycle, cov, db_session, doctest_namespace, event_loop, event_loop_policy, extra, extras, factories, faker, free_tcp_port, free_tcp_port_factory, free_udp_port, free_udp_port_factory, high_compatibility_users, include_metadata_in_junit_xml, json_metadata, low_compatibility_users, matching_users, message_service, metadata, mock_redis_async, monkeypatch, multi_stage_connections, no_cover, performance_config, performance_test_data, push_notification_service, pytestconfig, realtime_service, record_property, record_testsuite_property, record_xml_attribute, recwarn, revelation_service, security_test_data, soul_compatibility_service, soul_connection_data, test_db, test_match, test_profile, test_user, testrun_uid, tmp_path, tmp_path_factory, tmpdir, tmpdir_factory, unused_tcp_port, unused_tcp_port_factory, unused_udp_port, unused_udp_port_factory, websocket_test_client, websocket_test_data, worker_id&#10;&gt;       use 'pytest --fixtures [testpath]' for help on them.&#10;&#10;/Users/alex/Desktop/Projects/DAPP/python-backend/tests/test_ab_testing.py:645&quot;">file /Users/alex/Desktop/Projects/DAPP/python-backend/tests/test_ab_testing.py, line 645
      @pytest.mark.unit
      @pytest.mark.ab_testing
      def test_experiment_performance_monitoring(self, ab_service):
E       fixture 'ab_service' not found
&gt;       available fixtures: _class_scoped_runner, _function_scoped_runner, _module_scoped_runner, _package_scoped_runner, _session_faker, _session_scoped_runner, ab_testing_service, ai_matching_service, analytics_service, anyio_backend, anyio_backend_name, anyio_backend_options, async_ai_service, async_client, async_client_with_db, async_db_session, async_performance_monitor, async_realtime_service, async_test_data_generator, auth_headers, authenticated_user, benchmark, benchmark_weave, cache, capfd, capfdbinary, caplog, capsys, capsysbinary, capteesys, client, complete_revelation_cycle, cov, db_session, doctest_namespace, event_loop, event_loop_policy, extra, extras, factories, faker, free_tcp_port, free_tcp_port_factory, free_udp_port, free_udp_port_factory, high_compatibility_users, include_metadata_in_junit_xml, json_metadata, low_compatibility_users, matching_users, message_service, metadata, mock_redis_async, monkeypatch, multi_stage_connections, no_cover, performance_config, performance_test_data, push_notification_service, pytestconfig, realtime_service, record_property, record_testsuite_property, record_xml_attribute, recwarn, revelation_service, security_test_data, soul_compatibility_service, soul_connection_data, test_db, test_match, test_profile, test_user, testrun_uid, tmp_path, tmp_path_factory, tmpdir, tmpdir_factory, unused_tcp_port, unused_tcp_port_factory, unused_udp_port, unused_udp_port_factory, websocket_test_client, websocket_test_data, worker_id
&gt;       use 'pytest --fixtures [testpath]' for help on them.

/Users/alex/Desktop/Projects/DAPP/python-backend/tests/test_ab_testing.py:645</error></testcase><testcase classname="tests.test_ab_testing.TestExperimentReporting" name="test_experiment_summary_report" time="0.000"><error message="failed on setup with &quot;file /Users/alex/Desktop/Projects/DAPP/python-backend/tests/test_ab_testing.py, line 676&#10;      @pytest.mark.unit&#10;      @pytest.mark.ab_testing&#10;      def test_experiment_summary_report(self, ab_service):&#10;E       fixture 'ab_service' not found&#10;&gt;       available fixtures: _class_scoped_runner, _function_scoped_runner, _module_scoped_runner, _package_scoped_runner, _session_faker, _session_scoped_runner, ab_testing_service, ai_matching_service, analytics_service, anyio_backend, anyio_backend_name, anyio_backend_options, async_ai_service, async_client, async_client_with_db, async_db_session, async_performance_monitor, async_realtime_service, async_test_data_generator, auth_headers, authenticated_user, benchmark, benchmark_weave, cache, capfd, capfdbinary, caplog, capsys, capsysbinary, capteesys, client, complete_revelation_cycle, cov, db_session, doctest_namespace, event_loop, event_loop_policy, extra, extras, factories, faker, free_tcp_port, free_tcp_port_factory, free_udp_port, free_udp_port_factory, high_compatibility_users, include_metadata_in_junit_xml, json_metadata, low_compatibility_users, matching_users, message_service, metadata, mock_redis_async, monkeypatch, multi_stage_connections, no_cover, performance_config, performance_test_data, push_notification_service, pytestconfig, realtime_service, record_property, record_testsuite_property, record_xml_attribute, recwarn, revelation_service, security_test_data, soul_compatibility_service, soul_connection_data, test_db, test_match, test_profile, test_user, testrun_uid, tmp_path, tmp_path_factory, tmpdir, tmpdir_factory, unused_tcp_port, unused_tcp_port_factory, unused_udp_port, unused_udp_port_factory, websocket_test_client, websocket_test_data, worker_id&#10;&gt;       use 'pytest --fixtures [testpath]' for help on them.&#10;&#10;/Users/alex/Desktop/Projects/DAPP/python-backend/tests/test_ab_testing.py:676&quot;">file /Users/alex/Desktop/Projects/DAPP/python-backend/tests/test_ab_testing.py, line 676
      @pytest.mark.unit
      @pytest.mark.ab_testing
      def test_experiment_summary_report(self, ab_service):
E       fixture 'ab_service' not found
&gt;       available fixtures: _class_scoped_runner, _function_scoped_runner, _module_scoped_runner, _package_scoped_runner, _session_faker, _session_scoped_runner, ab_testing_service, ai_matching_service, analytics_service, anyio_backend, anyio_backend_name, anyio_backend_options, async_ai_service, async_client, async_client_with_db, async_db_session, async_performance_monitor, async_realtime_service, async_test_data_generator, auth_headers, authenticated_user, benchmark, benchmark_weave, cache, capfd, capfdbinary, caplog, capsys, capsysbinary, capteesys, client, complete_revelation_cycle, cov, db_session, doctest_namespace, event_loop, event_loop_policy, extra, extras, factories, faker, free_tcp_port, free_tcp_port_factory, free_udp_port, free_udp_port_factory, high_compatibility_users, include_metadata_in_junit_xml, json_metadata, low_compatibility_users, matching_users, message_service, metadata, mock_redis_async, monkeypatch, multi_stage_connections, no_cover, performance_config, performance_test_data, push_notification_service, pytestconfig, realtime_service, record_property, record_testsuite_property, record_xml_attribute, recwarn, revelation_service, security_test_data, soul_compatibility_service, soul_connection_data, test_db, test_match, test_profile, test_user, testrun_uid, tmp_path, tmp_path_factory, tmpdir, tmpdir_factory, unused_tcp_port, unused_tcp_port_factory, unused_udp_port, unused_udp_port_factory, websocket_test_client, websocket_test_data, worker_id
&gt;       use 'pytest --fixtures [testpath]' for help on them.

/Users/alex/Desktop/Projects/DAPP/python-backend/tests/test_ab_testing.py:676</error></testcase><testcase classname="tests.test_auth_enhanced.TestJWTTokenManagement" name="test_access_token_creation_and_validation" time="0.012"><failure message="AssertionError: assert 'iat' in {'sub': 'test@example.com', 'user_id': 1, 'exp': 1755500852}">tests/test_auth_enhanced.py:42: in test_access_token_creation_and_validation
    assert "iat" in decoded  # Issued at time
    ^^^^^^^^^^^^^^^^^^^^^^^
E   AssertionError: assert 'iat' in {'sub': 'test@example.com', 'user_id': 1, 'exp': 1755500852}</failure></testcase><testcase classname="tests.test_auth_enhanced.TestJWTTokenManagement" name="test_refresh_token_creation" time="0.001"><failure message="NameError: name 'create_refresh_token' is not defined">tests/test_auth_enhanced.py:50: in test_refresh_token_creation
    refresh_token = create_refresh_token(user_data)
                    ^^^^^^^^^^^^^^^^^^^^
E   NameError: name 'create_refresh_token' is not defined</failure></testcase></testsuite></testsuites>