{"meta": {"format": 3, "version": "7.10.3", "timestamp": "2025-08-16T11:07:07.423907", "branch_coverage": false, "show_contexts": false}, "files": {"app/api/v1/deps.py": {"executed_lines": [1, 2, 3, 4, 5, 6, 7, 8, 11, 14, 23, 30, 39, 41, 43, 44, 45, 50, 52, 53, 54, 57, 58, 63, 70, 73, 107], "summary": {"covered_lines": 27, "num_statements": 58, "percent_covered": 46.55172413793103, "percent_covered_display": "47", "missing_lines": 31, "excluded_lines": 0}, "missing_lines": [31, 32, 46, 47, 59, 60, 64, 65, 78, 80, 81, 82, 83, 84, 87, 88, 89, 90, 93, 94, 95, 97, 99, 100, 101, 102, 103, 104, 112, 113, 117], "excluded_lines": [], "functions": {"get_current_user": {"executed_lines": [23, 30, 39, 41, 43, 44, 45, 50, 52, 53, 54, 57, 58, 63, 70], "summary": {"covered_lines": 15, "num_statements": 23, "percent_covered": 65.21739130434783, "percent_covered_display": "65", "missing_lines": 8, "excluded_lines": 0}, "missing_lines": [31, 32, 46, 47, 59, 60, 64, 65], "excluded_lines": []}, "get_current_user_websocket": {"executed_lines": [], "summary": {"covered_lines": 0, "num_statements": 20, "percent_covered": 0.0, "percent_covered_display": "0", "missing_lines": 20, "excluded_lines": 0}, "missing_lines": [78, 80, 81, 82, 83, 84, 87, 88, 89, 90, 93, 94, 95, 97, 99, 100, 101, 102, 103, 104], "excluded_lines": []}, "get_current_active_user": {"executed_lines": [], "summary": {"covered_lines": 0, "num_statements": 3, "percent_covered": 0.0, "percent_covered_display": "0", "missing_lines": 3, "excluded_lines": 0}, "missing_lines": [112, 113, 117], "excluded_lines": []}, "": {"executed_lines": [1, 2, 3, 4, 5, 6, 7, 8, 11, 14, 73, 107], "summary": {"covered_lines": 12, "num_statements": 12, "percent_covered": 100.0, "percent_covered_display": "100", "missing_lines": 0, "excluded_lines": 0}, "missing_lines": [], "excluded_lines": []}}, "classes": {"": {"executed_lines": [1, 2, 3, 4, 5, 6, 7, 8, 11, 14, 23, 30, 39, 41, 43, 44, 45, 50, 52, 53, 54, 57, 58, 63, 70, 73, 107], "summary": {"covered_lines": 27, "num_statements": 58, "percent_covered": 46.55172413793103, "percent_covered_display": "47", "missing_lines": 31, "excluded_lines": 0}, "missing_lines": [31, 32, 46, 47, 59, 60, 64, 65, 78, 80, 81, 82, 83, 84, 87, 88, 89, 90, 93, 94, 95, 97, 99, 100, 101, 102, 103, 104, 112, 113, 117], "excluded_lines": []}}}, "app/api/v1/routers/analytics_api.py": {"executed_lines": [1, 5, 6, 7, 9, 10, 12, 13, 14, 15, 16, 18, 19, 22, 23, 53, 54, 76, 77, 96, 97, 138, 139, 167, 168, 198, 199, 225, 226, 268, 269], "summary": {"covered_lines": 30, "num_statements": 103, "percent_covered": 29.12621359223301, "percent_covered_display": "29", "missing_lines": 73, "excluded_lines": 0}, "missing_lines": [29, 30, 32, 41, 42, 44, 46, 47, 48, 49, 50, 59, 60, 64, 71, 72, 73, 82, 83, 85, 91, 92, 93, 103, 105, 106, 109, 110, 112, 133, 134, 135, 144, 145, 147, 162, 163, 164, 173, 174, 176, 193, 194, 195, 204, 205, 207, 220, 221, 222, 232, 233, 234, 236, 237, 238, 240, 249, 250, 252, 253, 254, 256, 263, 264, 265, 274, 276, 278, 282, 288, 289, 290], "excluded_lines": [], "functions": {"track_user_event": {"executed_lines": [], "summary": {"covered_lines": 0, "num_statements": 11, "percent_covered": 0.0, "percent_covered_display": "0", "missing_lines": 11, "excluded_lines": 0}, "missing_lines": [29, 30, 32, 41, 42, 44, 46, 47, 48, 49, 50], "excluded_lines": []}, "get_user_engagement_score": {"executed_lines": [], "summary": {"covered_lines": 0, "num_statements": 6, "percent_covered": 0.0, "percent_covered_display": "0", "missing_lines": 6, "excluded_lines": 0}, "missing_lines": [59, 60, 64, 71, 72, 73], "excluded_lines": []}, "get_user_insights": {"executed_lines": [], "summary": {"covered_lines": 0, "num_statements": 6, "percent_covered": 0.0, "percent_covered_display": "0", "missing_lines": 6, "excluded_lines": 0}, "missing_lines": [82, 83, 85, 91, 92, 93], "excluded_lines": []}, "get_dashboard_summary": {"executed_lines": [], "summary": {"covered_lines": 0, "num_statements": 9, "percent_covered": 0.0, "percent_covered_display": "0", "missing_lines": 9, "excluded_lines": 0}, "missing_lines": [103, 105, 106, 109, 110, 112, 133, 134, 135], "excluded_lines": []}, "get_engagement_metrics": {"executed_lines": [], "summary": {"covered_lines": 0, "num_statements": 6, "percent_covered": 0.0, "percent_covered_display": "0", "missing_lines": 6, "excluded_lines": 0}, "missing_lines": [144, 145, 147, 162, 163, 164], "excluded_lines": []}, "get_connection_metrics": {"executed_lines": [], "summary": {"covered_lines": 0, "num_statements": 6, "percent_covered": 0.0, "percent_covered_display": "0", "missing_lines": 6, "excluded_lines": 0}, "missing_lines": [173, 174, 176, 193, 194, 195], "excluded_lines": []}, "get_system_health_metrics": {"executed_lines": [], "summary": {"covered_lines": 0, "num_statements": 6, "percent_covered": 0.0, "percent_covered_display": "0", "missing_lines": 6, "excluded_lines": 0}, "missing_lines": [204, 205, 207, 220, 221, 222], "excluded_lines": []}, "track_batch_events": {"executed_lines": [], "summary": {"covered_lines": 0, "num_statements": 16, "percent_covered": 0.0, "percent_covered_display": "0", "missing_lines": 16, "excluded_lines": 0}, "missing_lines": [232, 233, 234, 236, 237, 238, 240, 249, 250, 252, 253, 254, 256, 263, 264, 265], "excluded_lines": []}, "get_realtime_active_users": {"executed_lines": [], "summary": {"covered_lines": 0, "num_statements": 7, "percent_covered": 0.0, "percent_covered_display": "0", "missing_lines": 7, "excluded_lines": 0}, "missing_lines": [274, 276, 278, 282, 288, 289, 290], "excluded_lines": []}, "": {"executed_lines": [1, 5, 6, 7, 9, 10, 12, 13, 14, 15, 16, 18, 19, 22, 23, 53, 54, 76, 77, 96, 97, 138, 139, 167, 168, 198, 199, 225, 226, 268, 269], "summary": {"covered_lines": 30, "num_statements": 30, "percent_covered": 100.0, "percent_covered_display": "100", "missing_lines": 0, "excluded_lines": 0}, "missing_lines": [], "excluded_lines": []}}, "classes": {"": {"executed_lines": [1, 5, 6, 7, 9, 10, 12, 13, 14, 15, 16, 18, 19, 22, 23, 53, 54, 76, 77, 96, 97, 138, 139, 167, 168, 198, 199, 225, 226, 268, 269], "summary": {"covered_lines": 30, "num_statements": 103, "percent_covered": 29.12621359223301, "percent_covered_display": "29", "missing_lines": 73, "excluded_lines": 0}, "missing_lines": [29, 30, 32, 41, 42, 44, 46, 47, 48, 49, 50, 59, 60, 64, 71, 72, 73, 82, 83, 85, 91, 92, 93, 103, 105, 106, 109, 110, 112, 133, 134, 135, 144, 145, 147, 162, 163, 164, 173, 174, 176, 193, 194, 195, 204, 205, 207, 220, 221, 222, 232, 233, 234, 236, 237, 238, 240, 249, 250, 252, 253, 254, 256, 263, 264, 265, 274, 276, 278, 282, 288, 289, 290], "excluded_lines": []}}}, "app/api/v1/routers/auth.py": {"executed_lines": [1, 2, 4, 5, 6, 7, 9, 10, 16, 17, 18, 21, 23, 26, 27, 29, 31, 32, 33, 34, 40, 43, 51, 59, 60, 63, 79, 80, 81, 84, 85, 89, 90, 95, 96, 106, 107, 117, 118, 122, 123, 126, 136, 137, 138, 145, 153, 154, 158, 159, 166, 167, 172, 173, 174], "summary": {"covered_lines": 55, "num_statements": 71, "percent_covered": 77.46478873239437, "percent_covered_display": "77", "missing_lines": 16, "excluded_lines": 0}, "missing_lines": [44, 45, 52, 53, 97, 98, 99, 100, 127, 128, 129, 130, 146, 147, 169, 176], "excluded_lines": [], "functions": {"register": {"executed_lines": [29, 31, 32, 33, 34, 40, 43, 51, 59, 60, 63, 79, 80, 81, 84, 85, 89, 90, 95, 96], "summary": {"covered_lines": 20, "num_statements": 28, "percent_covered": 71.42857142857143, "percent_covered_display": "71", "missing_lines": 8, "excluded_lines": 0}, "missing_lines": [44, 45, 52, 53, 97, 98, 99, 100], "excluded_lines": []}, "login": {"executed_lines": [117, 118, 122, 123, 126, 136, 137, 138, 145, 153, 154, 158, 159], "summary": {"covered_lines": 13, "num_statements": 19, "percent_covered": 68.42105263157895, "percent_covered_display": "68", "missing_lines": 6, "excluded_lines": 0}, "missing_lines": [127, 128, 129, 130, 146, 147], "excluded_lines": []}, "get_current_user_info": {"executed_lines": [], "summary": {"covered_lines": 0, "num_statements": 1, "percent_covered": 0.0, "percent_covered_display": "0", "missing_lines": 1, "excluded_lines": 0}, "missing_lines": [169], "excluded_lines": []}, "handle_auth_options": {"executed_lines": [], "summary": {"covered_lines": 0, "num_statements": 1, "percent_covered": 0.0, "percent_covered_display": "0", "missing_lines": 1, "excluded_lines": 0}, "missing_lines": [176], "excluded_lines": []}, "": {"executed_lines": [1, 2, 4, 5, 6, 7, 9, 10, 16, 17, 18, 21, 23, 26, 27, 106, 107, 166, 167, 172, 173, 174], "summary": {"covered_lines": 22, "num_statements": 22, "percent_covered": 100.0, "percent_covered_display": "100", "missing_lines": 0, "excluded_lines": 0}, "missing_lines": [], "excluded_lines": []}}, "classes": {"": {"executed_lines": [1, 2, 4, 5, 6, 7, 9, 10, 16, 17, 18, 21, 23, 26, 27, 29, 31, 32, 33, 34, 40, 43, 51, 59, 60, 63, 79, 80, 81, 84, 85, 89, 90, 95, 96, 106, 107, 117, 118, 122, 123, 126, 136, 137, 138, 145, 153, 154, 158, 159, 166, 167, 172, 173, 174], "summary": {"covered_lines": 55, "num_statements": 71, "percent_covered": 77.46478873239437, "percent_covered_display": "77", "missing_lines": 16, "excluded_lines": 0}, "missing_lines": [44, 45, 52, 53, 97, 98, 99, 100, 127, 128, 129, 130, 146, 147, 169, 176], "excluded_lines": []}}}, "app/api/v1/routers/chat.py": {"executed_lines": [1, 3, 4, 5, 12, 13, 15, 16, 17, 18, 19, 20, 23, 26, 27, 28, 29, 32, 48, 49, 82, 83, 136, 137, 161, 162, 176, 177, 238, 239, 269, 270], "summary": {"covered_lines": 32, "num_statements": 95, "percent_covered": 33.68421052631579, "percent_covered_display": "34", "missing_lines": 63, "excluded_lines": 0}, "missing_lines": [35, 54, 55, 56, 58, 59, 63, 69, 88, 89, 90, 92, 93, 97, 104, 105, 106, 108, 118, 119, 120, 129, 131, 133, 142, 143, 144, 146, 147, 151, 155, 157, 163, 164, 165, 166, 168, 172, 173, 184, 193, 194, 196, 197, 199, 200, 203, 211, 221, 234, 235, 247, 248, 249, 252, 259, 260, 262, 279, 280, 281, 284, 292], "excluded_lines": [], "functions": {"_find_connection": {"executed_lines": [], "summary": {"covered_lines": 0, "num_statements": 1, "percent_covered": 0.0, "percent_covered_display": "0", "missing_lines": 1, "excluded_lines": 0}, "missing_lines": [35], "excluded_lines": []}, "get_chat_messages": {"executed_lines": [], "summary": {"covered_lines": 0, "num_statements": 7, "percent_covered": 0.0, "percent_covered_display": "0", "missing_lines": 7, "excluded_lines": 0}, "missing_lines": [54, 55, 56, 58, 59, 63, 69], "excluded_lines": []}, "send_message": {"executed_lines": [], "summary": {"covered_lines": 0, "num_statements": 16, "percent_covered": 0.0, "percent_covered_display": "0", "missing_lines": 16, "excluded_lines": 0}, "missing_lines": [88, 89, 90, 92, 93, 97, 104, 105, 106, 108, 118, 119, 120, 129, 131, 133], "excluded_lines": []}, "mark_read": {"executed_lines": [], "summary": {"covered_lines": 0, "num_statements": 8, "percent_covered": 0.0, "percent_covered_display": "0", "missing_lines": 8, "excluded_lines": 0}, "missing_lines": [142, 143, 144, 146, 147, 151, 155, 157], "excluded_lines": []}, "chat_websocket": {"executed_lines": [], "summary": {"covered_lines": 0, "num_statements": 7, "percent_covered": 0.0, "percent_covered_display": "0", "missing_lines": 7, "excluded_lines": 0}, "missing_lines": [163, 164, 165, 166, 168, 172, 173], "excluded_lines": []}, "get_conversations": {"executed_lines": [], "summary": {"covered_lines": 0, "num_statements": 12, "percent_covered": 0.0, "percent_covered_display": "0", "missing_lines": 12, "excluded_lines": 0}, "missing_lines": [184, 193, 194, 196, 197, 199, 200, 203, 211, 221, 234, 235], "excluded_lines": []}, "get_last_message": {"executed_lines": [], "summary": {"covered_lines": 0, "num_statements": 7, "percent_covered": 0.0, "percent_covered_display": "0", "missing_lines": 7, "excluded_lines": 0}, "missing_lines": [247, 248, 249, 252, 259, 260, 262], "excluded_lines": []}, "get_message_history": {"executed_lines": [], "summary": {"covered_lines": 0, "num_statements": 5, "percent_covered": 0.0, "percent_covered_display": "0", "missing_lines": 5, "excluded_lines": 0}, "missing_lines": [279, 280, 281, 284, 292], "excluded_lines": []}, "": {"executed_lines": [1, 3, 4, 5, 12, 13, 15, 16, 17, 18, 19, 20, 23, 26, 27, 28, 29, 32, 48, 49, 82, 83, 136, 137, 161, 162, 176, 177, 238, 239, 269, 270], "summary": {"covered_lines": 32, "num_statements": 32, "percent_covered": 100.0, "percent_covered_display": "100", "missing_lines": 0, "excluded_lines": 0}, "missing_lines": [], "excluded_lines": []}}, "classes": {"SendMessageRequest": {"executed_lines": [], "summary": {"covered_lines": 0, "num_statements": 0, "percent_covered": 100.0, "percent_covered_display": "100", "missing_lines": 0, "excluded_lines": 0}, "missing_lines": [], "excluded_lines": []}, "": {"executed_lines": [1, 3, 4, 5, 12, 13, 15, 16, 17, 18, 19, 20, 23, 26, 27, 28, 29, 32, 48, 49, 82, 83, 136, 137, 161, 162, 176, 177, 238, 239, 269, 270], "summary": {"covered_lines": 32, "num_statements": 95, "percent_covered": 33.68421052631579, "percent_covered_display": "34", "missing_lines": 63, "excluded_lines": 0}, "missing_lines": [35, 54, 55, 56, 58, 59, 63, 69, 88, 89, 90, 92, 93, 97, 104, 105, 106, 108, 118, 119, 120, 129, 131, 133, 142, 143, 144, 146, 147, 151, 155, 157, 163, 164, 165, 166, 168, 172, 173, 184, 193, 194, 196, 197, 199, 200, 203, 211, 221, 234, 235, 247, 248, 249, 252, 259, 260, 262, 279, 280, 281, 284, 292], "excluded_lines": []}}}, "app/api/v1/routers/matches.py": {"executed_lines": [1, 3, 4, 6, 7, 8, 9, 10, 13, 14, 15, 16, 17, 18, 20, 23, 24, 69, 70, 77, 78, 85, 86], "summary": {"covered_lines": 23, "num_statements": 50, "percent_covered": 46.0, "percent_covered_display": "46", "missing_lines": 27, "excluded_lines": 0}, "missing_lines": [30, 31, 35, 36, 37, 41, 51, 52, 56, 63, 64, 65, 66, 74, 82, 93, 94, 95, 99, 100, 104, 105, 109, 110, 112, 113, 114], "excluded_lines": [], "functions": {"create_match": {"executed_lines": [], "summary": {"covered_lines": 0, "num_statements": 13, "percent_covered": 0.0, "percent_covered_display": "0", "missing_lines": 13, "excluded_lines": 0}, "missing_lines": [30, 31, 35, 36, 37, 41, 51, 52, 56, 63, 64, 65, 66], "excluded_lines": []}, "get_sent_matches": {"executed_lines": [], "summary": {"covered_lines": 0, "num_statements": 1, "percent_covered": 0.0, "percent_covered_display": "0", "missing_lines": 1, "excluded_lines": 0}, "missing_lines": [74], "excluded_lines": []}, "get_received_matches": {"executed_lines": [], "summary": {"covered_lines": 0, "num_statements": 1, "percent_covered": 0.0, "percent_covered_display": "0", "missing_lines": 1, "excluded_lines": 0}, "missing_lines": [82], "excluded_lines": []}, "update_match": {"executed_lines": [], "summary": {"covered_lines": 0, "num_statements": 12, "percent_covered": 0.0, "percent_covered_display": "0", "missing_lines": 12, "excluded_lines": 0}, "missing_lines": [93, 94, 95, 99, 100, 104, 105, 109, 110, 112, 113, 114], "excluded_lines": []}, "": {"executed_lines": [1, 3, 4, 6, 7, 8, 9, 10, 13, 14, 15, 16, 17, 18, 20, 23, 24, 69, 70, 77, 78, 85, 86], "summary": {"covered_lines": 23, "num_statements": 23, "percent_covered": 100.0, "percent_covered_display": "100", "missing_lines": 0, "excluded_lines": 0}, "missing_lines": [], "excluded_lines": []}}, "classes": {"": {"executed_lines": [1, 3, 4, 6, 7, 8, 9, 10, 13, 14, 15, 16, 17, 18, 20, 23, 24, 69, 70, 77, 78, 85, 86], "summary": {"covered_lines": 23, "num_statements": 50, "percent_covered": 46.0, "percent_covered_display": "46", "missing_lines": 27, "excluded_lines": 0}, "missing_lines": [30, 31, 35, 36, 37, 41, 51, 52, 56, 63, 64, 65, 66, 74, 82, 93, 94, 95, 99, 100, 104, 105, 109, 110, 112, 113, 114], "excluded_lines": []}}}, "app/api/v1/routers/messages.py": {"executed_lines": [1, 5, 6, 7, 9, 10, 11, 13, 14, 15, 16, 18, 19, 24, 25, 26, 27, 30, 31, 32, 33, 34, 35, 38, 39, 40, 41, 44, 45, 46, 47, 48, 49, 50, 51, 52, 53, 54, 57, 58, 59, 60, 61, 62, 67, 68, 101, 102, 139, 140, 171, 172, 210, 211, 247, 248, 327, 328], "summary": {"covered_lines": 57, "num_statements": 140, "percent_covered": 40.714285714285715, "percent_covered_display": "41", "missing_lines": 83, "excluded_lines": 0}, "missing_lines": [76, 77, 85, 93, 94, 95, 112, 113, 121, 122, 127, 129, 130, 131, 132, 133, 147, 148, 153, 154, 159, 161, 162, 163, 164, 165, 180, 181, 189, 190, 195, 200, 201, 202, 203, 204, 219, 220, 226, 227, 232, 237, 238, 239, 240, 241, 255, 256, 257, 258, 261, 266, 273, 274, 280, 287, 290, 299, 319, 320, 321, 338, 339, 340, 341, 344, 352, 357, 359, 367, 368, 373, 376, 381, 382, 384, 386, 400, 408, 409, 410, 411, 412], "excluded_lines": [], "functions": {"send_message": {"executed_lines": [], "summary": {"covered_lines": 0, "num_statements": 6, "percent_covered": 0.0, "percent_covered_display": "0", "missing_lines": 6, "excluded_lines": 0}, "missing_lines": [76, 77, 85, 93, 94, 95], "excluded_lines": []}, "get_conversation_messages": {"executed_lines": [], "summary": {"covered_lines": 0, "num_statements": 10, "percent_covered": 0.0, "percent_covered_display": "0", "missing_lines": 10, "excluded_lines": 0}, "missing_lines": [112, 113, 121, 122, 127, 129, 130, 131, 132, 133], "excluded_lines": []}, "get_user_conversations": {"executed_lines": [], "summary": {"covered_lines": 0, "num_statements": 10, "percent_covered": 0.0, "percent_covered_display": "0", "missing_lines": 10, "excluded_lines": 0}, "missing_lines": [147, 148, 153, 154, 159, 161, 162, 163, 164, 165], "excluded_lines": []}, "update_typing_status": {"executed_lines": [], "summary": {"covered_lines": 0, "num_statements": 10, "percent_covered": 0.0, "percent_covered_display": "0", "missing_lines": 10, "excluded_lines": 0}, "missing_lines": [180, 181, 189, 190, 195, 200, 201, 202, 203, 204], "excluded_lines": []}, "mark_messages_as_read": {"executed_lines": [], "summary": {"covered_lines": 0, "num_statements": 10, "percent_covered": 0.0, "percent_covered_display": "0", "missing_lines": 10, "excluded_lines": 0}, "missing_lines": [219, 220, 226, 227, 232, 237, 238, 239, 240, 241], "excluded_lines": []}, "get_message_statistics": {"executed_lines": [], "summary": {"covered_lines": 0, "num_statements": 15, "percent_covered": 0.0, "percent_covered_display": "0", "missing_lines": 15, "excluded_lines": 0}, "missing_lines": [255, 256, 257, 258, 261, 266, 273, 274, 280, 287, 290, 299, 319, 320, 321], "excluded_lines": []}, "search_messages": {"executed_lines": [], "summary": {"covered_lines": 0, "num_statements": 22, "percent_covered": 0.0, "percent_covered_display": "0", "missing_lines": 22, "excluded_lines": 0}, "missing_lines": [338, 339, 340, 341, 344, 352, 357, 359, 367, 368, 373, 376, 381, 382, 384, 386, 400, 408, 409, 410, 411, 412], "excluded_lines": []}, "search_messages._get_match_context": {"executed_lines": [], "summary": {"covered_lines": 0, "num_statements": 0, "percent_covered": 100.0, "percent_covered_display": "100", "missing_lines": 0, "excluded_lines": 0}, "missing_lines": [], "excluded_lines": []}, "": {"executed_lines": [1, 5, 6, 7, 9, 10, 11, 13, 14, 15, 16, 18, 19, 24, 25, 26, 27, 30, 31, 32, 33, 34, 35, 38, 39, 40, 41, 44, 45, 46, 47, 48, 49, 50, 51, 52, 53, 54, 57, 58, 59, 60, 61, 62, 67, 68, 101, 102, 139, 140, 171, 172, 210, 211, 247, 248, 327, 328], "summary": {"covered_lines": 57, "num_statements": 57, "percent_covered": 100.0, "percent_covered_display": "100", "missing_lines": 0, "excluded_lines": 0}, "missing_lines": [], "excluded_lines": []}}, "classes": {"SendMessageRequest": {"executed_lines": [], "summary": {"covered_lines": 0, "num_statements": 0, "percent_covered": 100.0, "percent_covered_display": "100", "missing_lines": 0, "excluded_lines": 0}, "missing_lines": [], "excluded_lines": []}, "SendMessageResponse": {"executed_lines": [], "summary": {"covered_lines": 0, "num_statements": 0, "percent_covered": 100.0, "percent_covered_display": "100", "missing_lines": 0, "excluded_lines": 0}, "missing_lines": [], "excluded_lines": []}, "TypingStatusRequest": {"executed_lines": [], "summary": {"covered_lines": 0, "num_statements": 0, "percent_covered": 100.0, "percent_covered_display": "100", "missing_lines": 0, "excluded_lines": 0}, "missing_lines": [], "excluded_lines": []}, "ConversationMessage": {"executed_lines": [], "summary": {"covered_lines": 0, "num_statements": 0, "percent_covered": 100.0, "percent_covered_display": "100", "missing_lines": 0, "excluded_lines": 0}, "missing_lines": [], "excluded_lines": []}, "ConversationResponse": {"executed_lines": [], "summary": {"covered_lines": 0, "num_statements": 0, "percent_covered": 100.0, "percent_covered_display": "100", "missing_lines": 0, "excluded_lines": 0}, "missing_lines": [], "excluded_lines": []}, "": {"executed_lines": [1, 5, 6, 7, 9, 10, 11, 13, 14, 15, 16, 18, 19, 24, 25, 26, 27, 30, 31, 32, 33, 34, 35, 38, 39, 40, 41, 44, 45, 46, 47, 48, 49, 50, 51, 52, 53, 54, 57, 58, 59, 60, 61, 62, 67, 68, 101, 102, 139, 140, 171, 172, 210, 211, 247, 248, 327, 328], "summary": {"covered_lines": 57, "num_statements": 140, "percent_covered": 40.714285714285715, "percent_covered_display": "41", "missing_lines": 83, "excluded_lines": 0}, "missing_lines": [76, 77, 85, 93, 94, 95, 112, 113, 121, 122, 127, 129, 130, 131, 132, 133, 147, 148, 153, 154, 159, 161, 162, 163, 164, 165, 180, 181, 189, 190, 195, 200, 201, 202, 203, 204, 219, 220, 226, 227, 232, 237, 238, 239, 240, 241, 255, 256, 257, 258, 261, 266, 273, 274, 280, 287, 290, 299, 319, 320, 321, 338, 339, 340, 341, 344, 352, 357, 359, 367, 368, 373, 376, 381, 382, 384, 386, 400, 408, 409, 410, 411, 412], "excluded_lines": []}}}, "app/api/v1/routers/monitoring.py": {"executed_lines": [4, 5, 6, 7, 8, 9, 10, 11, 12, 13, 15, 16, 18, 19, 20, 21, 22, 23, 24, 26, 27, 28, 29, 30, 31, 32, 35, 38, 49, 50, 113, 114, 121, 122, 149, 150, 199, 200, 248, 249, 289, 290, 291, 292, 293, 295, 304, 305, 349, 379, 404, 424, 451, 479, 484, 488, 495, 502, 506, 515, 524, 534, 544, 556, 585], "summary": {"covered_lines": 65, "num_statements": 255, "percent_covered": 25.49019607843137, "percent_covered_display": "25", "missing_lines": 190, "excluded_lines": 0}, "missing_lines": [55, 56, 66, 67, 68, 69, 70, 73, 74, 75, 76, 77, 80, 81, 82, 83, 84, 87, 88, 89, 90, 91, 94, 95, 98, 100, 101, 102, 119, 127, 129, 130, 131, 133, 134, 135, 137, 146, 147, 155, 156, 159, 169, 178, 181, 184, 186, 195, 196, 197, 204, 205, 208, 209, 210, 212, 213, 214, 216, 217, 218, 221, 222, 223, 225, 226, 227, 230, 231, 232, 233, 236, 237, 238, 239, 240, 242, 244, 245, 246, 253, 254, 283, 285, 286, 287, 297, 298, 299, 300, 302, 309, 310, 313, 316, 324, 325, 327, 330, 331, 333, 340, 341, 342, 351, 354, 357, 359, 361, 372, 373, 381, 382, 385, 387, 389, 397, 398, 406, 409, 410, 415, 416, 422, 426, 427, 428, 429, 431, 447, 448, 449, 455, 456, 457, 458, 459, 462, 463, 464, 465, 466, 469, 470, 473, 474, 476, 482, 486, 490, 491, 492, 493, 497, 498, 499, 500, 504, 508, 510, 511, 512, 513, 517, 519, 520, 521, 522, 526, 536, 546, 558, 587, 590, 593, 594, 595, 596, 599, 600, 603, 604, 607, 608, 611, 612, 614, 616, 617, 618], "excluded_lines": [], "functions": {"health_check": {"executed_lines": [], "summary": {"covered_lines": 0, "num_statements": 28, "percent_covered": 0.0, "percent_covered_display": "0", "missing_lines": 28, "excluded_lines": 0}, "missing_lines": [55, 56, 66, 67, 68, 69, 70, 73, 74, 75, 76, 77, 80, 81, 82, 83, 84, 87, 88, 89, 90, 91, 94, 95, 98, 100, 101, 102], "excluded_lines": []}, "liveness_probe": {"executed_lines": [], "summary": {"covered_lines": 0, "num_statements": 1, "percent_covered": 0.0, "percent_covered_display": "0", "missing_lines": 1, "excluded_lines": 0}, "missing_lines": [119], "excluded_lines": []}, "readiness_probe": {"executed_lines": [], "summary": {"covered_lines": 0, "num_statements": 10, "percent_covered": 0.0, "percent_covered_display": "0", "missing_lines": 10, "excluded_lines": 0}, "missing_lines": [127, 129, 130, 131, 133, 134, 135, 137, 146, 147], "excluded_lines": []}, "get_metrics": {"executed_lines": [], "summary": {"covered_lines": 0, "num_statements": 11, "percent_covered": 0.0, "percent_covered_display": "0", "missing_lines": 11, "excluded_lines": 0}, "missing_lines": [155, 156, 159, 169, 178, 181, 184, 186, 195, 196, 197], "excluded_lines": []}, "get_prometheus_metrics": {"executed_lines": [], "summary": {"covered_lines": 0, "num_statements": 30, "percent_covered": 0.0, "percent_covered_display": "0", "missing_lines": 30, "excluded_lines": 0}, "missing_lines": [204, 205, 208, 209, 210, 212, 213, 214, 216, 217, 218, 221, 222, 223, 225, 226, 227, 230, 231, 232, 233, 236, 237, 238, 239, 240, 242, 244, 245, 246], "excluded_lines": []}, "get_system_status": {"executed_lines": [], "summary": {"covered_lines": 0, "num_statements": 6, "percent_covered": 0.0, "percent_covered_display": "0", "missing_lines": 6, "excluded_lines": 0}, "missing_lines": [253, 254, 283, 285, 286, 287], "excluded_lines": []}, "CustomMetricRequest.get_value": {"executed_lines": [], "summary": {"covered_lines": 0, "num_statements": 5, "percent_covered": 0.0, "percent_covered_display": "0", "missing_lines": 5, "excluded_lines": 0}, "missing_lines": [297, 298, 299, 300, 302], "excluded_lines": []}, "record_custom_metric": {"executed_lines": [], "summary": {"covered_lines": 0, "num_statements": 13, "percent_covered": 0.0, "percent_covered_display": "0", "missing_lines": 13, "excluded_lines": 0}, "missing_lines": [309, 310, 313, 316, 324, 325, 327, 330, 331, 333, 340, 341, 342], "excluded_lines": []}, "check_database_health": {"executed_lines": [], "summary": {"covered_lines": 0, "num_statements": 7, "percent_covered": 0.0, "percent_covered_display": "0", "missing_lines": 7, "excluded_lines": 0}, "missing_lines": [351, 354, 357, 359, 361, 372, 373], "excluded_lines": []}, "check_redis_health": {"executed_lines": [], "summary": {"covered_lines": 0, "num_statements": 7, "percent_covered": 0.0, "percent_covered_display": "0", "missing_lines": 7, "excluded_lines": 0}, "missing_lines": [381, 382, 385, 387, 389, 397, 398], "excluded_lines": []}, "check_external_services": {"executed_lines": [], "summary": {"covered_lines": 0, "num_statements": 6, "percent_covered": 0.0, "percent_covered_display": "0", "missing_lines": 6, "excluded_lines": 0}, "missing_lines": [406, 409, 410, 415, 416, 422], "excluded_lines": []}, "get_system_health": {"executed_lines": [], "summary": {"covered_lines": 0, "num_statements": 8, "percent_covered": 0.0, "percent_covered_display": "0", "missing_lines": 8, "excluded_lines": 0}, "missing_lines": [426, 427, 428, 429, 431, 447, 448, 449], "excluded_lines": []}, "determine_overall_health_status": {"executed_lines": [], "summary": {"covered_lines": 0, "num_statements": 15, "percent_covered": 0.0, "percent_covered_display": "0", "missing_lines": 15, "excluded_lines": 0}, "missing_lines": [455, 456, 457, 458, 459, 462, 463, 464, 465, 466, 469, 470, 473, 474, 476], "excluded_lines": []}, "calculate_requests_per_second": {"executed_lines": [], "summary": {"covered_lines": 0, "num_statements": 1, "percent_covered": 0.0, "percent_covered_display": "0", "missing_lines": 1, "excluded_lines": 0}, "missing_lines": [482], "excluded_lines": []}, "calculate_requests_per_minute": {"executed_lines": [], "summary": {"covered_lines": 0, "num_statements": 1, "percent_covered": 0.0, "percent_covered_display": "0", "missing_lines": 1, "excluded_lines": 0}, "missing_lines": [486], "excluded_lines": []}, "calculate_average_response_time": {"executed_lines": [], "summary": {"covered_lines": 0, "num_statements": 4, "percent_covered": 0.0, "percent_covered_display": "0", "missing_lines": 4, "excluded_lines": 0}, "missing_lines": [490, 491, 492, 493], "excluded_lines": []}, "calculate_error_rate": {"executed_lines": [], "summary": {"covered_lines": 0, "num_statements": 4, "percent_covered": 0.0, "percent_covered_display": "0", "missing_lines": 4, "excluded_lines": 0}, "missing_lines": [497, 498, 499, 500], "excluded_lines": []}, "calculate_throughput": {"executed_lines": [], "summary": {"covered_lines": 0, "num_statements": 1, "percent_covered": 0.0, "percent_covered_display": "0", "missing_lines": 1, "excluded_lines": 0}, "missing_lines": [504], "excluded_lines": []}, "check_database_connection": {"executed_lines": [], "summary": {"covered_lines": 0, "num_statements": 5, "percent_covered": 0.0, "percent_covered_display": "0", "missing_lines": 5, "excluded_lines": 0}, "missing_lines": [508, 510, 511, 512, 513], "excluded_lines": []}, "check_redis_connection": {"executed_lines": [], "summary": {"covered_lines": 0, "num_statements": 5, "percent_covered": 0.0, "percent_covered_display": "0", "missing_lines": 5, "excluded_lines": 0}, "missing_lines": [517, 519, 520, 521, 522], "excluded_lines": []}, "get_database_metrics": {"executed_lines": [], "summary": {"covered_lines": 0, "num_statements": 1, "percent_covered": 0.0, "percent_covered_display": "0", "missing_lines": 1, "excluded_lines": 0}, "missing_lines": [526], "excluded_lines": []}, "get_redis_metrics": {"executed_lines": [], "summary": {"covered_lines": 0, "num_statements": 1, "percent_covered": 0.0, "percent_covered_display": "0", "missing_lines": 1, "excluded_lines": 0}, "missing_lines": [536], "excluded_lines": []}, "get_custom_metrics": {"executed_lines": [], "summary": {"covered_lines": 0, "num_statements": 1, "percent_covered": 0.0, "percent_covered_display": "0", "missing_lines": 1, "excluded_lines": 0}, "missing_lines": [546], "excluded_lines": []}, "get_business_metrics": {"executed_lines": [], "summary": {"covered_lines": 0, "num_statements": 1, "percent_covered": 0.0, "percent_covered_display": "0", "missing_lines": 1, "excluded_lines": 0}, "missing_lines": [558], "excluded_lines": []}, "track_request_metrics": {"executed_lines": [], "summary": {"covered_lines": 0, "num_statements": 18, "percent_covered": 0.0, "percent_covered_display": "0", "missing_lines": 18, "excluded_lines": 0}, "missing_lines": [587, 590, 593, 594, 595, 596, 599, 600, 603, 604, 607, 608, 611, 612, 614, 616, 617, 618], "excluded_lines": []}, "": {"executed_lines": [4, 5, 6, 7, 8, 9, 10, 11, 12, 13, 15, 16, 18, 19, 20, 21, 22, 23, 24, 26, 27, 28, 29, 30, 31, 32, 35, 38, 49, 50, 113, 114, 121, 122, 149, 150, 199, 200, 248, 249, 289, 290, 291, 292, 293, 295, 304, 305, 349, 379, 404, 424, 451, 479, 484, 488, 495, 502, 506, 515, 524, 534, 544, 556, 585], "summary": {"covered_lines": 65, "num_statements": 65, "percent_covered": 100.0, "percent_covered_display": "100", "missing_lines": 0, "excluded_lines": 0}, "missing_lines": [], "excluded_lines": []}}, "classes": {"HealthCheckResponse": {"executed_lines": [], "summary": {"covered_lines": 0, "num_statements": 0, "percent_covered": 100.0, "percent_covered_display": "100", "missing_lines": 0, "excluded_lines": 0}, "missing_lines": [], "excluded_lines": []}, "MetricsResponse": {"executed_lines": [], "summary": {"covered_lines": 0, "num_statements": 0, "percent_covered": 100.0, "percent_covered_display": "100", "missing_lines": 0, "excluded_lines": 0}, "missing_lines": [], "excluded_lines": []}, "CustomMetricRequest": {"executed_lines": [], "summary": {"covered_lines": 0, "num_statements": 5, "percent_covered": 0.0, "percent_covered_display": "0", "missing_lines": 5, "excluded_lines": 0}, "missing_lines": [297, 298, 299, 300, 302], "excluded_lines": []}, "": {"executed_lines": [4, 5, 6, 7, 8, 9, 10, 11, 12, 13, 15, 16, 18, 19, 20, 21, 22, 23, 24, 26, 27, 28, 29, 30, 31, 32, 35, 38, 49, 50, 113, 114, 121, 122, 149, 150, 199, 200, 248, 249, 289, 290, 291, 292, 293, 295, 304, 305, 349, 379, 404, 424, 451, 479, 484, 488, 495, 502, 506, 515, 524, 534, 544, 556, 585], "summary": {"covered_lines": 65, "num_statements": 250, "percent_covered": 26.0, "percent_covered_display": "26", "missing_lines": 185, "excluded_lines": 0}, "missing_lines": [55, 56, 66, 67, 68, 69, 70, 73, 74, 75, 76, 77, 80, 81, 82, 83, 84, 87, 88, 89, 90, 91, 94, 95, 98, 100, 101, 102, 119, 127, 129, 130, 131, 133, 134, 135, 137, 146, 147, 155, 156, 159, 169, 178, 181, 184, 186, 195, 196, 197, 204, 205, 208, 209, 210, 212, 213, 214, 216, 217, 218, 221, 222, 223, 225, 226, 227, 230, 231, 232, 233, 236, 237, 238, 239, 240, 242, 244, 245, 246, 253, 254, 283, 285, 286, 287, 309, 310, 313, 316, 324, 325, 327, 330, 331, 333, 340, 341, 342, 351, 354, 357, 359, 361, 372, 373, 381, 382, 385, 387, 389, 397, 398, 406, 409, 410, 415, 416, 422, 426, 427, 428, 429, 431, 447, 448, 449, 455, 456, 457, 458, 459, 462, 463, 464, 465, 466, 469, 470, 473, 474, 476, 482, 486, 490, 491, 492, 493, 497, 498, 499, 500, 504, 508, 510, 511, 512, 513, 517, 519, 520, 521, 522, 526, 536, 546, 558, 587, 590, 593, 594, 595, 596, 599, 600, 603, 604, 607, 608, 611, 612, 614, 616, 617, 618], "excluded_lines": []}}}, "app/api/v1/routers/notifications.py": {"executed_lines": [4, 5, 6, 7, 8, 10, 11, 12, 13, 19, 22, 23, 24, 25, 27, 28, 29, 30, 32, 33, 35, 36, 37, 39, 40, 41, 42, 43, 44, 45, 46, 47, 48, 49, 51, 52, 53, 54, 56, 57, 58, 59, 60, 61, 63, 64, 105, 106, 108, 109, 183, 184, 230, 231, 333, 334, 359, 360, 385, 386, 413, 414, 437, 438, 463, 464, 500, 501, 551, 552, 581, 582, 616, 617, 654, 655], "summary": {"covered_lines": 76, "num_statements": 210, "percent_covered": 36.19047619047619, "percent_covered_display": "36", "missing_lines": 134, "excluded_lines": 0}, "missing_lines": [72, 73, 75, 80, 87, 88, 94, 99, 100, 117, 118, 119, 122, 124, 126, 131, 132, 133, 135, 142, 149, 154, 155, 157, 159, 165, 167, 168, 169, 175, 176, 177, 196, 198, 199, 200, 201, 206, 209, 217, 224, 225, 240, 242, 244, 245, 247, 256, 262, 263, 264, 266, 269, 270, 271, 273, 274, 275, 278, 279, 285, 290, 291, 296, 297, 300, 306, 313, 315, 322, 323, 324, 325, 346, 348, 357, 372, 374, 383, 399, 401, 411, 425, 427, 435, 449, 451, 459, 470, 471, 475, 488, 494, 495, 508, 509, 512, 525, 530, 531, 538, 543, 544, 559, 560, 562, 567, 575, 576, 590, 591, 593, 599, 600, 605, 610, 611, 624, 625, 627, 632, 633, 634, 642, 648, 649, 662, 663, 665, 675, 676, 681, 686, 687], "excluded_lines": [], "functions": {"subscribe_to_notifications": {"executed_lines": [], "summary": {"covered_lines": 0, "num_statements": 9, "percent_covered": 0.0, "percent_covered_display": "0", "missing_lines": 9, "excluded_lines": 0}, "missing_lines": [72, 73, 75, 80, 87, 88, 94, 99, 100], "excluded_lines": []}, "unsubscribe_from_notifications": {"executed_lines": [], "summary": {"covered_lines": 0, "num_statements": 23, "percent_covered": 0.0, "percent_covered_display": "0", "missing_lines": 23, "excluded_lines": 0}, "missing_lines": [117, 118, 119, 122, 124, 126, 131, 132, 133, 135, 142, 149, 154, 155, 157, 159, 165, 167, 168, 169, 175, 176, 177], "excluded_lines": []}, "send_notification": {"executed_lines": [], "summary": {"covered_lines": 0, "num_statements": 10, "percent_covered": 0.0, "percent_covered_display": "0", "missing_lines": 10, "excluded_lines": 0}, "missing_lines": [196, 198, 199, 200, 201, 206, 209, 217, 224, 225], "excluded_lines": []}, "send_bulk_notifications": {"executed_lines": [], "summary": {"covered_lines": 0, "num_statements": 31, "percent_covered": 0.0, "percent_covered_display": "0", "missing_lines": 31, "excluded_lines": 0}, "missing_lines": [240, 242, 244, 245, 247, 256, 262, 263, 264, 266, 269, 270, 271, 273, 274, 275, 278, 279, 285, 290, 291, 296, 297, 300, 306, 313, 315, 322, 323, 324, 325], "excluded_lines": []}, "notify_new_message": {"executed_lines": [], "summary": {"covered_lines": 0, "num_statements": 3, "percent_covered": 0.0, "percent_covered_display": "0", "missing_lines": 3, "excluded_lines": 0}, "missing_lines": [346, 348, 357], "excluded_lines": []}, "notify_new_match": {"executed_lines": [], "summary": {"covered_lines": 0, "num_statements": 3, "percent_covered": 0.0, "percent_covered_display": "0", "missing_lines": 3, "excluded_lines": 0}, "missing_lines": [372, 374, 383], "excluded_lines": []}, "notify_new_revelation": {"executed_lines": [], "summary": {"covered_lines": 0, "num_statements": 3, "percent_covered": 0.0, "percent_covered_display": "0", "missing_lines": 3, "excluded_lines": 0}, "missing_lines": [399, 401, 411], "excluded_lines": []}, "notify_photo_reveal": {"executed_lines": [], "summary": {"covered_lines": 0, "num_statements": 3, "percent_covered": 0.0, "percent_covered_display": "0", "missing_lines": 3, "excluded_lines": 0}, "missing_lines": [425, 427, 435], "excluded_lines": []}, "send_revelation_reminder": {"executed_lines": [], "summary": {"covered_lines": 0, "num_statements": 3, "percent_covered": 0.0, "percent_covered_display": "0", "missing_lines": 3, "excluded_lines": 0}, "missing_lines": [449, 451, 459], "excluded_lines": []}, "get_notification_preferences": {"executed_lines": [], "summary": {"covered_lines": 0, "num_statements": 6, "percent_covered": 0.0, "percent_covered_display": "0", "missing_lines": 6, "excluded_lines": 0}, "missing_lines": [470, 471, 475, 488, 494, 495], "excluded_lines": []}, "update_notification_preferences": {"executed_lines": [], "summary": {"covered_lines": 0, "num_statements": 9, "percent_covered": 0.0, "percent_covered_display": "0", "missing_lines": 9, "excluded_lines": 0}, "missing_lines": [508, 509, 512, 525, 530, 531, 538, 543, 544], "excluded_lines": []}, "get_notification_analytics": {"executed_lines": [], "summary": {"covered_lines": 0, "num_statements": 6, "percent_covered": 0.0, "percent_covered_display": "0", "missing_lines": 6, "excluded_lines": 0}, "missing_lines": [559, 560, 562, 567, 575, 576], "excluded_lines": []}, "track_notification_click": {"executed_lines": [], "summary": {"covered_lines": 0, "num_statements": 8, "percent_covered": 0.0, "percent_covered_display": "0", "missing_lines": 8, "excluded_lines": 0}, "missing_lines": [590, 591, 593, 599, 600, 605, 610, 611], "excluded_lines": []}, "get_user_subscriptions": {"executed_lines": [], "summary": {"covered_lines": 0, "num_statements": 9, "percent_covered": 0.0, "percent_covered_display": "0", "missing_lines": 9, "excluded_lines": 0}, "missing_lines": [624, 625, 627, 632, 633, 634, 642, 648, 649], "excluded_lines": []}, "test_notification": {"executed_lines": [], "summary": {"covered_lines": 0, "num_statements": 8, "percent_covered": 0.0, "percent_covered_display": "0", "missing_lines": 8, "excluded_lines": 0}, "missing_lines": [662, 663, 665, 675, 676, 681, 686, 687], "excluded_lines": []}, "": {"executed_lines": [4, 5, 6, 7, 8, 10, 11, 12, 13, 19, 22, 23, 24, 25, 27, 28, 29, 30, 32, 33, 35, 36, 37, 39, 40, 41, 42, 43, 44, 45, 46, 47, 48, 49, 51, 52, 53, 54, 56, 57, 58, 59, 60, 61, 63, 64, 105, 106, 108, 109, 183, 184, 230, 231, 333, 334, 359, 360, 385, 386, 413, 414, 437, 438, 463, 464, 500, 501, 551, 552, 581, 582, 616, 617, 654, 655], "summary": {"covered_lines": 76, "num_statements": 76, "percent_covered": 100.0, "percent_covered_display": "100", "missing_lines": 0, "excluded_lines": 0}, "missing_lines": [], "excluded_lines": []}}, "classes": {"PushSubscriptionRequest": {"executed_lines": [], "summary": {"covered_lines": 0, "num_statements": 0, "percent_covered": 100.0, "percent_covered_display": "100", "missing_lines": 0, "excluded_lines": 0}, "missing_lines": [], "excluded_lines": []}, "NotificationRequest": {"executed_lines": [], "summary": {"covered_lines": 0, "num_statements": 0, "percent_covered": 100.0, "percent_covered_display": "100", "missing_lines": 0, "excluded_lines": 0}, "missing_lines": [], "excluded_lines": []}, "BulkNotificationRequest": {"executed_lines": [], "summary": {"covered_lines": 0, "num_statements": 0, "percent_covered": 100.0, "percent_covered_display": "100", "missing_lines": 0, "excluded_lines": 0}, "missing_lines": [], "excluded_lines": []}, "NotificationPreferencesRequest": {"executed_lines": [], "summary": {"covered_lines": 0, "num_statements": 0, "percent_covered": 100.0, "percent_covered_display": "100", "missing_lines": 0, "excluded_lines": 0}, "missing_lines": [], "excluded_lines": []}, "NotificationPreferencesResponse": {"executed_lines": [], "summary": {"covered_lines": 0, "num_statements": 0, "percent_covered": 100.0, "percent_covered_display": "100", "missing_lines": 0, "excluded_lines": 0}, "missing_lines": [], "excluded_lines": []}, "NotificationAnalyticsResponse": {"executed_lines": [], "summary": {"covered_lines": 0, "num_statements": 0, "percent_covered": 100.0, "percent_covered_display": "100", "missing_lines": 0, "excluded_lines": 0}, "missing_lines": [], "excluded_lines": []}, "UnsubscribeRequest": {"executed_lines": [], "summary": {"covered_lines": 0, "num_statements": 0, "percent_covered": 100.0, "percent_covered_display": "100", "missing_lines": 0, "excluded_lines": 0}, "missing_lines": [], "excluded_lines": []}, "": {"executed_lines": [4, 5, 6, 7, 8, 10, 11, 12, 13, 19, 22, 23, 24, 25, 27, 28, 29, 30, 32, 33, 35, 36, 37, 39, 40, 41, 42, 43, 44, 45, 46, 47, 48, 49, 51, 52, 53, 54, 56, 57, 58, 59, 60, 61, 63, 64, 105, 106, 108, 109, 183, 184, 230, 231, 333, 334, 359, 360, 385, 386, 413, 414, 437, 438, 463, 464, 500, 501, 551, 552, 581, 582, 616, 617, 654, 655], "summary": {"covered_lines": 76, "num_statements": 210, "percent_covered": 36.19047619047619, "percent_covered_display": "36", "missing_lines": 134, "excluded_lines": 0}, "missing_lines": [72, 73, 75, 80, 87, 88, 94, 99, 100, 117, 118, 119, 122, 124, 126, 131, 132, 133, 135, 142, 149, 154, 155, 157, 159, 165, 167, 168, 169, 175, 176, 177, 196, 198, 199, 200, 201, 206, 209, 217, 224, 225, 240, 242, 244, 245, 247, 256, 262, 263, 264, 266, 269, 270, 271, 273, 274, 275, 278, 279, 285, 290, 291, 296, 297, 300, 306, 313, 315, 322, 323, 324, 325, 346, 348, 357, 372, 374, 383, 399, 401, 411, 425, 427, 435, 449, 451, 459, 470, 471, 475, 488, 494, 495, 508, 509, 512, 525, 530, 531, 538, 543, 544, 559, 560, 562, 567, 575, 576, 590, 591, 593, 599, 600, 605, 610, 611, 624, 625, 627, 632, 633, 634, 642, 648, 649, 662, 663, 665, 675, 676, 681, 686, 687], "excluded_lines": []}}}, "app/api/v1/routers/onboarding.py": {"executed_lines": [1, 2, 3, 4, 6, 7, 8, 9, 10, 11, 14, 16, 19, 20, 21, 22, 23, 24, 25, 26, 29, 30, 65, 66, 79, 80], "summary": {"covered_lines": 26, "num_statements": 40, "percent_covered": 65.0, "percent_covered_display": "65", "missing_lines": 14, "excluded_lines": 0}, "missing_lines": [38, 39, 42, 43, 49, 50, 52, 54, 56, 57, 58, 59, 72, 82], "excluded_lines": [], "functions": {"complete_onboarding": {"executed_lines": [], "summary": {"covered_lines": 0, "num_statements": 12, "percent_covered": 0.0, "percent_covered_display": "0", "missing_lines": 12, "excluded_lines": 0}, "missing_lines": [38, 39, 42, 43, 49, 50, 52, 54, 56, 57, 58, 59], "excluded_lines": []}, "get_onboarding_status": {"executed_lines": [], "summary": {"covered_lines": 0, "num_statements": 1, "percent_covered": 0.0, "percent_covered_display": "0", "missing_lines": 1, "excluded_lines": 0}, "missing_lines": [72], "excluded_lines": []}, "handle_onboarding_complete_options": {"executed_lines": [], "summary": {"covered_lines": 0, "num_statements": 1, "percent_covered": 0.0, "percent_covered_display": "0", "missing_lines": 1, "excluded_lines": 0}, "missing_lines": [82], "excluded_lines": []}, "": {"executed_lines": [1, 2, 3, 4, 6, 7, 8, 9, 10, 11, 14, 16, 19, 20, 21, 22, 23, 24, 25, 26, 29, 30, 65, 66, 79, 80], "summary": {"covered_lines": 26, "num_statements": 26, "percent_covered": 100.0, "percent_covered_display": "100", "missing_lines": 0, "excluded_lines": 0}, "missing_lines": [], "excluded_lines": []}}, "classes": {"OnboardingData": {"executed_lines": [], "summary": {"covered_lines": 0, "num_statements": 0, "percent_covered": 100.0, "percent_covered_display": "100", "missing_lines": 0, "excluded_lines": 0}, "missing_lines": [], "excluded_lines": []}, "": {"executed_lines": [1, 2, 3, 4, 6, 7, 8, 9, 10, 11, 14, 16, 19, 20, 21, 22, 23, 24, 25, 26, 29, 30, 65, 66, 79, 80], "summary": {"covered_lines": 26, "num_statements": 40, "percent_covered": 65.0, "percent_covered_display": "65", "missing_lines": 14, "excluded_lines": 0}, "missing_lines": [38, 39, 42, 43, 49, 50, 52, 54, 56, 57, 58, 59, 72, 82], "excluded_lines": []}}}, "app/api/v1/routers/profiles.py": {"executed_lines": [1, 2, 3, 4, 5, 7, 8, 9, 16, 17, 18, 21, 24, 25, 26, 27, 29, 32, 33, 39, 44, 46, 49, 50, 53, 54, 57, 58, 59, 60, 61, 62, 72, 73, 74, 78, 82, 85, 86, 87, 93, 98, 99, 101, 102, 103, 106, 107, 121, 122, 172, 173, 213, 214, 240, 241, 272, 273, 292, 293, 312, 313, 336], "summary": {"covered_lines": 63, "num_statements": 156, "percent_covered": 40.38461538461539, "percent_covered_display": "40", "missing_lines": 93, "excluded_lines": 0}, "missing_lines": [40, 63, 64, 65, 66, 79, 94, 113, 114, 115, 118, 128, 129, 134, 135, 139, 141, 142, 143, 148, 151, 152, 153, 155, 156, 157, 159, 160, 162, 163, 164, 165, 166, 179, 180, 184, 186, 187, 188, 192, 193, 196, 198, 199, 200, 201, 203, 204, 205, 206, 207, 220, 221, 226, 227, 229, 232, 234, 235, 237, 249, 251, 252, 257, 258, 259, 263, 264, 265, 267, 268, 279, 280, 281, 284, 301, 303, 304, 305, 306, 308, 309, 318, 320, 321, 323, 324, 328, 338, 339, 341, 342, 344], "excluded_lines": [], "functions": {"create_profile": {"executed_lines": [39, 44, 46, 49, 50, 53, 54, 57, 58, 59, 60, 61, 62], "summary": {"covered_lines": 13, "num_statements": 18, "percent_covered": 72.22222222222223, "percent_covered_display": "72", "missing_lines": 5, "excluded_lines": 0}, "missing_lines": [40, 63, 64, 65, 66], "excluded_lines": []}, "get_my_profile": {"executed_lines": [78, 82], "summary": {"covered_lines": 2, "num_statements": 3, "percent_covered": 66.66666666666667, "percent_covered_display": "67", "missing_lines": 1, "excluded_lines": 0}, "missing_lines": [79], "excluded_lines": []}, "update_my_profile": {"executed_lines": [93, 98, 99, 101, 102, 103], "summary": {"covered_lines": 6, "num_statements": 7, "percent_covered": 85.71428571428571, "percent_covered_display": "86", "missing_lines": 1, "excluded_lines": 0}, "missing_lines": [94], "excluded_lines": []}, "get_profile": {"executed_lines": [], "summary": {"covered_lines": 0, "num_statements": 4, "percent_covered": 0.0, "percent_covered_display": "0", "missing_lines": 4, "excluded_lines": 0}, "missing_lines": [113, 114, 115, 118], "excluded_lines": []}, "upload_photo": {"executed_lines": [], "summary": {"covered_lines": 0, "num_statements": 22, "percent_covered": 0.0, "percent_covered_display": "0", "missing_lines": 22, "excluded_lines": 0}, "missing_lines": [128, 129, 134, 135, 139, 141, 142, 143, 148, 151, 152, 153, 155, 156, 157, 159, 160, 162, 163, 164, 165, 166], "excluded_lines": []}, "delete_photo": {"executed_lines": [], "summary": {"covered_lines": 0, "num_statements": 18, "percent_covered": 0.0, "percent_covered_display": "0", "missing_lines": 18, "excluded_lines": 0}, "missing_lines": [179, 180, 184, 186, 187, 188, 192, 193, 196, 198, 199, 200, 201, 203, 204, 205, 206, 207], "excluded_lines": []}, "request_verification": {"executed_lines": [], "summary": {"covered_lines": 0, "num_statements": 9, "percent_covered": 0.0, "percent_covered_display": "0", "missing_lines": 9, "excluded_lines": 0}, "missing_lines": [220, 221, 226, 227, 229, 232, 234, 235, 237], "excluded_lines": []}, "approve_verification": {"executed_lines": [], "summary": {"covered_lines": 0, "num_statements": 11, "percent_covered": 0.0, "percent_covered_display": "0", "missing_lines": 11, "excluded_lines": 0}, "missing_lines": [249, 251, 252, 257, 258, 259, 263, 264, 265, 267, 268], "excluded_lines": []}, "get_public_profile": {"executed_lines": [], "summary": {"covered_lines": 0, "num_statements": 4, "percent_covered": 0.0, "percent_covered_display": "0", "missing_lines": 4, "excluded_lines": 0}, "missing_lines": [279, 280, 281, 284], "excluded_lines": []}, "search_profiles": {"executed_lines": [], "summary": {"covered_lines": 0, "num_statements": 7, "percent_covered": 0.0, "percent_covered_display": "0", "missing_lines": 7, "excluded_lines": 0}, "missing_lines": [301, 303, 304, 305, 306, 308, 309], "excluded_lines": []}, "get_profile_stats": {"executed_lines": [], "summary": {"covered_lines": 0, "num_statements": 6, "percent_covered": 0.0, "percent_covered_display": "0", "missing_lines": 6, "excluded_lines": 0}, "missing_lines": [318, 320, 321, 323, 324, 328], "excluded_lines": []}, "_calculate_profile_completion": {"executed_lines": [], "summary": {"covered_lines": 0, "num_statements": 5, "percent_covered": 0.0, "percent_covered_display": "0", "missing_lines": 5, "excluded_lines": 0}, "missing_lines": [338, 339, 341, 342, 344], "excluded_lines": []}, "": {"executed_lines": [1, 2, 3, 4, 5, 7, 8, 9, 16, 17, 18, 21, 24, 25, 26, 27, 29, 32, 33, 72, 73, 74, 85, 86, 87, 106, 107, 121, 122, 172, 173, 213, 214, 240, 241, 272, 273, 292, 293, 312, 313, 336], "summary": {"covered_lines": 42, "num_statements": 42, "percent_covered": 100.0, "percent_covered_display": "100", "missing_lines": 0, "excluded_lines": 0}, "missing_lines": [], "excluded_lines": []}}, "classes": {"": {"executed_lines": [1, 2, 3, 4, 5, 7, 8, 9, 16, 17, 18, 21, 24, 25, 26, 27, 29, 32, 33, 39, 44, 46, 49, 50, 53, 54, 57, 58, 59, 60, 61, 62, 72, 73, 74, 78, 82, 85, 86, 87, 93, 98, 99, 101, 102, 103, 106, 107, 121, 122, 172, 173, 213, 214, 240, 241, 272, 273, 292, 293, 312, 313, 336], "summary": {"covered_lines": 63, "num_statements": 156, "percent_covered": 40.38461538461539, "percent_covered_display": "40", "missing_lines": 93, "excluded_lines": 0}, "missing_lines": [40, 63, 64, 65, 66, 79, 94, 113, 114, 115, 118, 128, 129, 134, 135, 139, 141, 142, 143, 148, 151, 152, 153, 155, 156, 157, 159, 160, 162, 163, 164, 165, 166, 179, 180, 184, 186, 187, 188, 192, 193, 196, 198, 199, 200, 201, 203, 204, 205, 206, 207, 220, 221, 226, 227, 229, 232, 234, 235, 237, 249, 251, 252, 257, 258, 259, 263, 264, 265, 267, 268, 279, 280, 281, 284, 301, 303, 304, 305, 306, 308, 309, 318, 320, 321, 323, 324, 328, 338, 339, 341, 342, 344], "excluded_lines": []}}}, "app/api/v1/routers/revelations.py": {"executed_lines": [1, 2, 3, 4, 5, 7, 8, 9, 10, 11, 12, 20, 21, 24, 63, 64, 79, 80, 99, 100, 178, 179, 277, 278, 342, 343, 419, 420, 480, 481, 540, 541], "summary": {"covered_lines": 32, "num_statements": 205, "percent_covered": 15.609756097560975, "percent_covered_display": "16", "missing_lines": 173, "excluded_lines": 0}, "missing_lines": [68, 84, 85, 90, 91, 108, 110, 116, 117, 123, 124, 130, 136, 137, 143, 151, 152, 153, 156, 157, 158, 160, 163, 164, 165, 167, 168, 169, 170, 171, 172, 188, 190, 196, 197, 203, 208, 209, 210, 213, 214, 215, 216, 218, 220, 234, 235, 236, 239, 242, 243, 244, 245, 247, 249, 267, 268, 269, 270, 271, 287, 288, 292, 293, 299, 304, 305, 311, 314, 315, 320, 321, 323, 324, 326, 327, 329, 330, 331, 332, 333, 334, 352, 354, 360, 361, 363, 366, 372, 373, 376, 377, 378, 381, 389, 392, 393, 396, 397, 398, 399, 400, 402, 404, 411, 412, 413, 414, 415, 416, 428, 429, 435, 436, 438, 439, 441, 442, 449, 455, 456, 462, 473, 474, 475, 476, 477, 489, 490, 496, 497, 500, 501, 502, 504, 507, 508, 511, 512, 513, 514, 515, 517, 518, 519, 520, 521, 523, 525, 532, 533, 534, 535, 536, 537, 549, 550, 552, 557, 558, 561, 565, 567, 571, 572, 574, 584, 592, 594, 595, 596, 597, 598], "excluded_lines": [], "functions": {"get_revelation_prompts": {"executed_lines": [], "summary": {"covered_lines": 0, "num_statements": 1, "percent_covered": 0.0, "percent_covered_display": "0", "missing_lines": 1, "excluded_lines": 0}, "missing_lines": [68], "excluded_lines": []}, "get_revelation_prompt": {"executed_lines": [], "summary": {"covered_lines": 0, "num_statements": 4, "percent_covered": 0.0, "percent_covered_display": "0", "missing_lines": 4, "excluded_lines": 0}, "missing_lines": [84, 85, 90, 91], "excluded_lines": []}, "create_revelation": {"executed_lines": [], "summary": {"covered_lines": 0, "num_statements": 26, "percent_covered": 0.0, "percent_covered_display": "0", "missing_lines": 26, "excluded_lines": 0}, "missing_lines": [108, 110, 116, 117, 123, 124, 130, 136, 137, 143, 151, 152, 153, 156, 157, 158, 160, 163, 164, 165, 167, 168, 169, 170, 171, 172], "excluded_lines": []}, "get_revelation_timeline": {"executed_lines": [], "summary": {"covered_lines": 0, "num_statements": 29, "percent_covered": 0.0, "percent_covered_display": "0", "missing_lines": 29, "excluded_lines": 0}, "missing_lines": [188, 190, 196, 197, 203, 208, 209, 210, 213, 214, 215, 216, 218, 220, 234, 235, 236, 239, 242, 243, 244, 245, 247, 249, 267, 268, 269, 270, 271], "excluded_lines": []}, "update_revelation": {"executed_lines": [], "summary": {"covered_lines": 0, "num_statements": 22, "percent_covered": 0.0, "percent_covered_display": "0", "missing_lines": 22, "excluded_lines": 0}, "missing_lines": [287, 288, 292, 293, 299, 304, 305, 311, 314, 315, 320, 321, 323, 324, 326, 327, 329, 330, 331, 332, 333, 334], "excluded_lines": []}, "share_revelation": {"executed_lines": [], "summary": {"covered_lines": 0, "num_statements": 28, "percent_covered": 0.0, "percent_covered_display": "0", "missing_lines": 28, "excluded_lines": 0}, "missing_lines": [352, 354, 360, 361, 363, 366, 372, 373, 376, 377, 378, 381, 389, 392, 393, 396, 397, 398, 399, 400, 402, 404, 411, 412, 413, 414, 415, 416], "excluded_lines": []}, "get_today_prompt": {"executed_lines": [], "summary": {"covered_lines": 0, "num_statements": 17, "percent_covered": 0.0, "percent_covered_display": "0", "missing_lines": 17, "excluded_lines": 0}, "missing_lines": [428, 429, 435, 436, 438, 439, 441, 442, 449, 455, 456, 462, 473, 474, 475, 476, 477], "excluded_lines": []}, "give_photo_consent": {"executed_lines": [], "summary": {"covered_lines": 0, "num_statements": 28, "percent_covered": 0.0, "percent_covered_display": "0", "missing_lines": 28, "excluded_lines": 0}, "missing_lines": [489, 490, 496, 497, 500, 501, 502, 504, 507, 508, 511, 512, 513, 514, 515, 517, 518, 519, 520, 521, 523, 525, 532, 533, 534, 535, 536, 537], "excluded_lines": []}, "get_revelation_analytics": {"executed_lines": [], "summary": {"covered_lines": 0, "num_statements": 18, "percent_covered": 0.0, "percent_covered_display": "0", "missing_lines": 18, "excluded_lines": 0}, "missing_lines": [549, 550, 552, 557, 558, 561, 565, 567, 571, 572, 574, 584, 592, 594, 595, 596, 597, 598], "excluded_lines": []}, "": {"executed_lines": [1, 2, 3, 4, 5, 7, 8, 9, 10, 11, 12, 20, 21, 24, 63, 64, 79, 80, 99, 100, 178, 179, 277, 278, 342, 343, 419, 420, 480, 481, 540, 541], "summary": {"covered_lines": 32, "num_statements": 32, "percent_covered": 100.0, "percent_covered_display": "100", "missing_lines": 0, "excluded_lines": 0}, "missing_lines": [], "excluded_lines": []}}, "classes": {"": {"executed_lines": [1, 2, 3, 4, 5, 7, 8, 9, 10, 11, 12, 20, 21, 24, 63, 64, 79, 80, 99, 100, 178, 179, 277, 278, 342, 343, 419, 420, 480, 481, 540, 541], "summary": {"covered_lines": 32, "num_statements": 205, "percent_covered": 15.609756097560975, "percent_covered_display": "16", "missing_lines": 173, "excluded_lines": 0}, "missing_lines": [68, 84, 85, 90, 91, 108, 110, 116, 117, 123, 124, 130, 136, 137, 143, 151, 152, 153, 156, 157, 158, 160, 163, 164, 165, 167, 168, 169, 170, 171, 172, 188, 190, 196, 197, 203, 208, 209, 210, 213, 214, 215, 216, 218, 220, 234, 235, 236, 239, 242, 243, 244, 245, 247, 249, 267, 268, 269, 270, 271, 287, 288, 292, 293, 299, 304, 305, 311, 314, 315, 320, 321, 323, 324, 326, 327, 329, 330, 331, 332, 333, 334, 352, 354, 360, 361, 363, 366, 372, 373, 376, 377, 378, 381, 389, 392, 393, 396, 397, 398, 399, 400, 402, 404, 411, 412, 413, 414, 415, 416, 428, 429, 435, 436, 438, 439, 441, 442, 449, 455, 456, 462, 473, 474, 475, 476, 477, 489, 490, 496, 497, 500, 501, 502, 504, 507, 508, 511, 512, 513, 514, 515, 517, 518, 519, 520, 521, 523, 525, 532, 533, 534, 535, 536, 537, 549, 550, 552, 557, 558, 561, 565, 567, 571, 572, 574, 584, 592, 594, 595, 596, 597, 598], "excluded_lines": []}}}, "app/api/v1/routers/safety.py": {"executed_lines": [1, 3, 4, 5, 6, 8, 9, 10, 15, 18, 19, 20, 21, 22, 26, 28, 35, 36, 63, 64, 86, 87, 108, 109], "summary": {"covered_lines": 24, "num_statements": 51, "percent_covered": 47.05882352941177, "percent_covered_display": "47", "missing_lines": 27, "excluded_lines": 0}, "missing_lines": [30, 31, 32, 42, 43, 53, 54, 55, 56, 57, 58, 72, 73, 77, 78, 79, 80, 81, 94, 95, 99, 100, 101, 102, 103, 112, 125], "excluded_lines": [], "functions": {"get_user_safety_service": {"executed_lines": [], "summary": {"covered_lines": 0, "num_statements": 3, "percent_covered": 0.0, "percent_covered_display": "0", "missing_lines": 3, "excluded_lines": 0}, "missing_lines": [30, 31, 32], "excluded_lines": []}, "report_user": {"executed_lines": [], "summary": {"covered_lines": 0, "num_statements": 8, "percent_covered": 0.0, "percent_covered_display": "0", "missing_lines": 8, "excluded_lines": 0}, "missing_lines": [42, 43, 53, 54, 55, 56, 57, 58], "excluded_lines": []}, "get_user_safety_status": {"executed_lines": [], "summary": {"covered_lines": 0, "num_statements": 7, "percent_covered": 0.0, "percent_covered_display": "0", "missing_lines": 7, "excluded_lines": 0}, "missing_lines": [72, 73, 77, 78, 79, 80, 81], "excluded_lines": []}, "get_reports_summary": {"executed_lines": [], "summary": {"covered_lines": 0, "num_statements": 7, "percent_covered": 0.0, "percent_covered_display": "0", "missing_lines": 7, "excluded_lines": 0}, "missing_lines": [94, 95, 99, 100, 101, 102, 103], "excluded_lines": []}, "get_report_categories": {"executed_lines": [], "summary": {"covered_lines": 0, "num_statements": 2, "percent_covered": 0.0, "percent_covered_display": "0", "missing_lines": 2, "excluded_lines": 0}, "missing_lines": [112, 125], "excluded_lines": []}, "": {"executed_lines": [1, 3, 4, 5, 6, 8, 9, 10, 15, 18, 19, 20, 21, 22, 26, 28, 35, 36, 63, 64, 86, 87, 108, 109], "summary": {"covered_lines": 24, "num_statements": 24, "percent_covered": 100.0, "percent_covered_display": "100", "missing_lines": 0, "excluded_lines": 0}, "missing_lines": [], "excluded_lines": []}}, "classes": {"UserReportRequest": {"executed_lines": [], "summary": {"covered_lines": 0, "num_statements": 0, "percent_covered": 100.0, "percent_covered_display": "100", "missing_lines": 0, "excluded_lines": 0}, "missing_lines": [], "excluded_lines": []}, "": {"executed_lines": [1, 3, 4, 5, 6, 8, 9, 10, 15, 18, 19, 20, 21, 22, 26, 28, 35, 36, 63, 64, 86, 87, 108, 109], "summary": {"covered_lines": 24, "num_statements": 51, "percent_covered": 47.05882352941177, "percent_covered_display": "47", "missing_lines": 27, "excluded_lines": 0}, "missing_lines": [30, 31, 32, 42, 43, 53, 54, 55, 56, 57, 58, 72, 73, 77, 78, 79, 80, 81, 94, 95, 99, 100, 101, 102, 103, 112, 125], "excluded_lines": []}}}, "app/api/v1/routers/soul_connections.py": {"executed_lines": [1, 2, 3, 4, 6, 7, 8, 9, 10, 18, 20, 21, 24, 25, 126, 127, 211, 212, 274, 275, 318, 319], "summary": {"covered_lines": 22, "num_statements": 118, "percent_covered": 18.64406779661017, "percent_covered_display": "19", "missing_lines": 96, "excluded_lines": 0}, "missing_lines": [38, 40, 43, 48, 49, 50, 51, 52, 55, 62, 65, 67, 70, 71, 78, 80, 81, 82, 83, 84, 91, 96, 98, 107, 115, 116, 118, 119, 120, 136, 138, 144, 145, 151, 156, 157, 163, 164, 170, 177, 182, 193, 194, 195, 197, 198, 200, 201, 202, 203, 204, 205, 219, 221, 224, 225, 227, 242, 245, 246, 247, 248, 251, 256, 262, 264, 266, 267, 268, 284, 285, 290, 291, 297, 298, 299, 301, 302, 304, 305, 307, 308, 309, 310, 311, 312, 327, 328, 333, 334, 339, 341, 342, 343, 344, 345], "excluded_lines": [], "functions": {"discover_soul_connections": {"executed_lines": [], "summary": {"covered_lines": 0, "num_statements": 29, "percent_covered": 0.0, "percent_covered_display": "0", "missing_lines": 29, "excluded_lines": 0}, "missing_lines": [38, 40, 43, 48, 49, 50, 51, 52, 55, 62, 65, 67, 70, 71, 78, 80, 81, 82, 83, 84, 91, 96, 98, 107, 115, 116, 118, 119, 120], "excluded_lines": []}, "initiate_soul_connection": {"executed_lines": [], "summary": {"covered_lines": 0, "num_statements": 23, "percent_covered": 0.0, "percent_covered_display": "0", "missing_lines": 23, "excluded_lines": 0}, "missing_lines": [136, 138, 144, 145, 151, 156, 157, 163, 164, 170, 177, 182, 193, 194, 195, 197, 198, 200, 201, 202, 203, 204, 205], "excluded_lines": []}, "get_active_connections": {"executed_lines": [], "summary": {"covered_lines": 0, "num_statements": 17, "percent_covered": 0.0, "percent_covered_display": "0", "missing_lines": 17, "excluded_lines": 0}, "missing_lines": [219, 221, 224, 225, 227, 242, 245, 246, 247, 248, 251, 256, 262, 264, 266, 267, 268], "excluded_lines": []}, "update_soul_connection": {"executed_lines": [], "summary": {"covered_lines": 0, "num_statements": 17, "percent_covered": 0.0, "percent_covered_display": "0", "missing_lines": 17, "excluded_lines": 0}, "missing_lines": [284, 285, 290, 291, 297, 298, 299, 301, 302, 304, 305, 307, 308, 309, 310, 311, 312], "excluded_lines": []}, "get_soul_connection": {"executed_lines": [], "summary": {"covered_lines": 0, "num_statements": 10, "percent_covered": 0.0, "percent_covered_display": "0", "missing_lines": 10, "excluded_lines": 0}, "missing_lines": [327, 328, 333, 334, 339, 341, 342, 343, 344, 345], "excluded_lines": []}, "": {"executed_lines": [1, 2, 3, 4, 6, 7, 8, 9, 10, 18, 20, 21, 24, 25, 126, 127, 211, 212, 274, 275, 318, 319], "summary": {"covered_lines": 22, "num_statements": 22, "percent_covered": 100.0, "percent_covered_display": "100", "missing_lines": 0, "excluded_lines": 0}, "missing_lines": [], "excluded_lines": []}}, "classes": {"": {"executed_lines": [1, 2, 3, 4, 6, 7, 8, 9, 10, 18, 20, 21, 24, 25, 126, 127, 211, 212, 274, 275, 318, 319], "summary": {"covered_lines": 22, "num_statements": 118, "percent_covered": 18.64406779661017, "percent_covered_display": "19", "missing_lines": 96, "excluded_lines": 0}, "missing_lines": [38, 40, 43, 48, 49, 50, 51, 52, 55, 62, 65, 67, 70, 71, 78, 80, 81, 82, 83, 84, 91, 96, 98, 107, 115, 116, 118, 119, 120, 136, 138, 144, 145, 151, 156, 157, 163, 164, 170, 177, 182, 193, 194, 195, 197, 198, 200, 201, 202, 203, 204, 205, 219, 221, 224, 225, 227, 242, 245, 246, 247, 248, 251, 256, 262, 264, 266, 267, 268, 284, 285, 290, 291, 297, 298, 299, 301, 302, 304, 305, 307, 308, 309, 310, 311, 312, 327, 328, 333, 334, 339, 341, 342, 343, 344, 345], "excluded_lines": []}}}, "app/api/v1/routers/users.py": {"executed_lines": [1, 2, 3, 4, 5, 7, 8, 9, 10, 12, 13, 14, 15, 16, 17, 19, 22, 23, 25, 28, 29, 37, 39, 40, 41, 44, 47, 48, 49, 51, 54, 56, 65, 66, 81, 82, 146, 159, 166, 173, 191, 210, 211, 268, 269, 276, 279, 285, 288, 289, 295, 296, 300, 303, 304, 336, 337, 362, 363, 416, 430, 468, 487, 488, 507, 508], "summary": {"covered_lines": 66, "num_statements": 207, "percent_covered": 31.884057971014492, "percent_covered_display": "32", "missing_lines": 141, "excluded_lines": 0}, "missing_lines": [69, 70, 71, 72, 73, 74, 75, 78, 90, 91, 97, 98, 99, 100, 106, 109, 110, 113, 114, 115, 118, 119, 120, 121, 124, 125, 128, 130, 131, 132, 134, 139, 140, 148, 149, 151, 152, 153, 154, 155, 156, 161, 162, 163, 168, 169, 170, 175, 183, 188, 193, 203, 204, 205, 206, 207, 229, 230, 232, 235, 243, 244, 245, 261, 264, 265, 277, 297, 311, 312, 313, 314, 320, 321, 326, 327, 328, 333, 345, 346, 347, 353, 354, 357, 359, 371, 372, 373, 379, 397, 405, 406, 408, 418, 419, 421, 422, 424, 425, 427, 433, 436, 437, 438, 439, 440, 441, 443, 444, 445, 446, 447, 448, 450, 453, 454, 457, 459, 460, 461, 462, 463, 465, 470, 471, 472, 473, 474, 475, 476, 477, 478, 479, 481, 493, 494, 498, 514, 515, 516, 519], "excluded_lines": [], "functions": {"get_current_user_info": {"executed_lines": [25], "summary": {"covered_lines": 1, "num_statements": 1, "percent_covered": 100.0, "percent_covered_display": "100", "missing_lines": 0, "excluded_lines": 0}, "missing_lines": [], "excluded_lines": []}, "update_current_user_profile": {"executed_lines": [37, 39, 40, 41, 44, 47, 48, 49, 51], "summary": {"covered_lines": 9, "num_statements": 9, "percent_covered": 100.0, "percent_covered_display": "100", "missing_lines": 0, "excluded_lines": 0}, "missing_lines": [], "excluded_lines": []}, "_calculate_profile_completeness": {"executed_lines": [56, 65, 66], "summary": {"covered_lines": 3, "num_statements": 11, "percent_covered": 27.272727272727273, "percent_covered_display": "27", "missing_lines": 8, "excluded_lines": 0}, "missing_lines": [69, 70, 71, 72, 73, 74, 75, 78], "excluded_lines": []}, "upload_profile_picture": {"executed_lines": [], "summary": {"covered_lines": 0, "num_statements": 25, "percent_covered": 0.0, "percent_covered_display": "0", "missing_lines": 25, "excluded_lines": 0}, "missing_lines": [90, 91, 97, 98, 99, 100, 106, 109, 110, 113, 114, 115, 118, 119, 120, 121, 124, 125, 128, 130, 131, 132, 134, 139, 140], "excluded_lines": []}, "_calculate_cuisine_score": {"executed_lines": [], "summary": {"covered_lines": 0, "num_statements": 8, "percent_covered": 0.0, "percent_covered_display": "0", "missing_lines": 8, "excluded_lines": 0}, "missing_lines": [148, 149, 151, 152, 153, 154, 155, 156], "excluded_lines": []}, "_calculate_location_score": {"executed_lines": [], "summary": {"covered_lines": 0, "num_statements": 3, "percent_covered": 0.0, "percent_covered_display": "0", "missing_lines": 3, "excluded_lines": 0}, "missing_lines": [161, 162, 163], "excluded_lines": []}, "_calculate_dietary_score": {"executed_lines": [], "summary": {"covered_lines": 0, "num_statements": 3, "percent_covered": 0.0, "percent_covered_display": "0", "missing_lines": 3, "excluded_lines": 0}, "missing_lines": [168, 169, 170], "excluded_lines": []}, "_calculate_success_rate_score": {"executed_lines": [], "summary": {"covered_lines": 0, "num_statements": 3, "percent_covered": 0.0, "percent_covered_display": "0", "missing_lines": 3, "excluded_lines": 0}, "missing_lines": [175, 183, 188], "excluded_lines": []}, "_get_matched_user_ids": {"executed_lines": [], "summary": {"covered_lines": 0, "num_statements": 6, "percent_covered": 0.0, "percent_covered_display": "0", "missing_lines": 6, "excluded_lines": 0}, "missing_lines": [193, 203, 204, 205, 206, 207], "excluded_lines": []}, "get_potential_matches": {"executed_lines": [], "summary": {"covered_lines": 0, "num_statements": 10, "percent_covered": 0.0, "percent_covered_display": "0", "missing_lines": 10, "excluded_lines": 0}, "missing_lines": [229, 230, 232, 235, 243, 244, 245, 261, 264, 265], "excluded_lines": []}, "search_users": {"executed_lines": [276, 279, 285], "summary": {"covered_lines": 3, "num_statements": 4, "percent_covered": 75.0, "percent_covered_display": "75", "missing_lines": 1, "excluded_lines": 0}, "missing_lines": [277], "excluded_lines": []}, "get_user": {"executed_lines": [295, 296, 300], "summary": {"covered_lines": 3, "num_statements": 4, "percent_covered": 75.0, "percent_covered_display": "75", "missing_lines": 1, "excluded_lines": 0}, "missing_lines": [297], "excluded_lines": []}, "get_uploaded_file": {"executed_lines": [], "summary": {"covered_lines": 0, "num_statements": 10, "percent_covered": 0.0, "percent_covered_display": "0", "missing_lines": 10, "excluded_lines": 0}, "missing_lines": [311, 312, 313, 314, 320, 321, 326, 327, 328, 333], "excluded_lines": []}, "get_mutual_interests": {"executed_lines": [], "summary": {"covered_lines": 0, "num_statements": 7, "percent_covered": 0.0, "percent_covered_display": "0", "missing_lines": 7, "excluded_lines": 0}, "missing_lines": [345, 346, 347, 353, 354, 357, 359], "excluded_lines": []}, "get_match_percentage": {"executed_lines": [], "summary": {"covered_lines": 0, "num_statements": 8, "percent_covered": 0.0, "percent_covered_display": "0", "missing_lines": 8, "excluded_lines": 0}, "missing_lines": [371, 372, 373, 379, 397, 405, 406, 408], "excluded_lines": []}, "_calculate_interests_compatibility": {"executed_lines": [], "summary": {"covered_lines": 0, "num_statements": 7, "percent_covered": 0.0, "percent_covered_display": "0", "missing_lines": 7, "excluded_lines": 0}, "missing_lines": [418, 419, 421, 422, 424, 425, 427], "excluded_lines": []}, "_calculate_values_compatibility": {"executed_lines": [], "summary": {"covered_lines": 0, "num_statements": 23, "percent_covered": 0.0, "percent_covered_display": "0", "missing_lines": 23, "excluded_lines": 0}, "missing_lines": [433, 436, 437, 438, 439, 440, 441, 443, 444, 445, 446, 447, 448, 450, 453, 454, 457, 459, 460, 461, 462, 463, 465], "excluded_lines": []}, "_get_compatibility_rating": {"executed_lines": [], "summary": {"covered_lines": 0, "num_statements": 11, "percent_covered": 0.0, "percent_covered_display": "0", "missing_lines": 11, "excluded_lines": 0}, "missing_lines": [470, 471, 472, 473, 474, 475, 476, 477, 478, 479, 481], "excluded_lines": []}, "get_user_stats": {"executed_lines": [], "summary": {"covered_lines": 0, "num_statements": 3, "percent_covered": 0.0, "percent_covered_display": "0", "missing_lines": 3, "excluded_lines": 0}, "missing_lines": [493, 494, 498], "excluded_lines": []}, "get_user_public_profile": {"executed_lines": [], "summary": {"covered_lines": 0, "num_statements": 4, "percent_covered": 0.0, "percent_covered_display": "0", "missing_lines": 4, "excluded_lines": 0}, "missing_lines": [514, 515, 516, 519], "excluded_lines": []}, "": {"executed_lines": [1, 2, 3, 4, 5, 7, 8, 9, 10, 12, 13, 14, 15, 16, 17, 19, 22, 23, 28, 29, 54, 81, 82, 146, 159, 166, 173, 191, 210, 211, 268, 269, 288, 289, 303, 304, 336, 337, 362, 363, 416, 430, 468, 487, 488, 507, 508], "summary": {"covered_lines": 47, "num_statements": 47, "percent_covered": 100.0, "percent_covered_display": "100", "missing_lines": 0, "excluded_lines": 0}, "missing_lines": [], "excluded_lines": []}}, "classes": {"": {"executed_lines": [1, 2, 3, 4, 5, 7, 8, 9, 10, 12, 13, 14, 15, 16, 17, 19, 22, 23, 25, 28, 29, 37, 39, 40, 41, 44, 47, 48, 49, 51, 54, 56, 65, 66, 81, 82, 146, 159, 166, 173, 191, 210, 211, 268, 269, 276, 279, 285, 288, 289, 295, 296, 300, 303, 304, 336, 337, 362, 363, 416, 430, 468, 487, 488, 507, 508], "summary": {"covered_lines": 66, "num_statements": 207, "percent_covered": 31.884057971014492, "percent_covered_display": "32", "missing_lines": 141, "excluded_lines": 0}, "missing_lines": [69, 70, 71, 72, 73, 74, 75, 78, 90, 91, 97, 98, 99, 100, 106, 109, 110, 113, 114, 115, 118, 119, 120, 121, 124, 125, 128, 130, 131, 132, 134, 139, 140, 148, 149, 151, 152, 153, 154, 155, 156, 161, 162, 163, 168, 169, 170, 175, 183, 188, 193, 203, 204, 205, 206, 207, 229, 230, 232, 235, 243, 244, 245, 261, 264, 265, 277, 297, 311, 312, 313, 314, 320, 321, 326, 327, 328, 333, 345, 346, 347, 353, 354, 357, 359, 371, 372, 373, 379, 397, 405, 406, 408, 418, 419, 421, 422, 424, 425, 427, 433, 436, 437, 438, 439, 440, 441, 443, 444, 445, 446, 447, 448, 450, 453, 454, 457, 459, 460, 461, 462, 463, 465, 470, 471, 472, 473, 474, 475, 476, 477, 478, 479, 481, 493, 494, 498, 514, 515, 516, 519], "excluded_lines": []}}}, "app/api/v1/routers/websocket.py": {"executed_lines": [1, 5, 6, 7, 9, 10, 11, 12, 14, 15, 16, 17, 18, 19, 21, 22, 25, 26, 104, 105, 138, 139, 181, 182, 205, 206, 286, 287, 316, 317, 397, 398, 450, 451, 481, 482, 497, 498], "summary": {"covered_lines": 37, "num_statements": 200, "percent_covered": 18.5, "percent_covered_display": "18", "missing_lines": 163, "excluded_lines": 0}, "missing_lines": [34, 35, 37, 38, 39, 40, 43, 46, 53, 54, 57, 58, 60, 61, 64, 66, 67, 73, 74, 75, 76, 77, 78, 83, 84, 85, 91, 92, 93, 94, 98, 99, 112, 114, 119, 121, 133, 134, 135, 148, 150, 152, 153, 157, 158, 160, 162, 164, 170, 171, 172, 173, 174, 190, 191, 193, 194, 196, 198, 199, 200, 201, 202, 215, 216, 217, 220, 223, 224, 225, 226, 227, 228, 229, 231, 234, 235, 236, 238, 239, 240, 242, 244, 245, 249, 250, 252, 253, 255, 257, 258, 265, 267, 268, 275, 276, 277, 278, 279, 296, 297, 304, 305, 307, 309, 310, 311, 312, 313, 325, 326, 327, 330, 336, 337, 345, 346, 350, 351, 352, 353, 355, 364, 366, 376, 378, 385, 386, 387, 388, 389, 405, 406, 409, 414, 416, 417, 420, 424, 439, 445, 446, 447, 459, 460, 461, 463, 467, 468, 470, 472, 473, 474, 475, 476, 489, 491, 505, 507, 509, 511, 512, 513], "excluded_lines": [], "functions": {"websocket_endpoint": {"executed_lines": [], "summary": {"covered_lines": 0, "num_statements": 32, "percent_covered": 0.0, "percent_covered_display": "0", "missing_lines": 32, "excluded_lines": 0}, "missing_lines": [34, 35, 37, 38, 39, 40, 43, 46, 53, 54, 57, 58, 60, 61, 64, 66, 67, 73, 74, 75, 76, 77, 78, 83, 84, 85, 91, 92, 93, 94, 98, 99], "excluded_lines": []}, "get_realtime_status": {"executed_lines": [], "summary": {"covered_lines": 0, "num_statements": 7, "percent_covered": 0.0, "percent_covered_display": "0", "missing_lines": 7, "excluded_lines": 0}, "missing_lines": [112, 114, 119, 121, 133, 134, 135], "excluded_lines": []}, "start_typing_indicator": {"executed_lines": [], "summary": {"covered_lines": 0, "num_statements": 14, "percent_covered": 0.0, "percent_covered_display": "0", "missing_lines": 14, "excluded_lines": 0}, "missing_lines": [148, 150, 152, 153, 157, 158, 160, 162, 164, 170, 171, 172, 173, 174], "excluded_lines": []}, "stop_typing_indicator": {"executed_lines": [], "summary": {"covered_lines": 0, "num_statements": 10, "percent_covered": 0.0, "percent_covered_display": "0", "missing_lines": 10, "excluded_lines": 0}, "missing_lines": [190, 191, 193, 194, 196, 198, 199, 200, 201, 202], "excluded_lines": []}, "update_connection_energy": {"executed_lines": [], "summary": {"covered_lines": 0, "num_statements": 36, "percent_covered": 0.0, "percent_covered_display": "0", "missing_lines": 36, "excluded_lines": 0}, "missing_lines": [215, 216, 217, 220, 223, 224, 225, 226, 227, 228, 229, 231, 234, 235, 236, 238, 239, 240, 242, 244, 245, 249, 250, 252, 253, 255, 257, 258, 265, 267, 268, 275, 276, 277, 278, 279], "excluded_lines": []}, "trigger_celebration": {"executed_lines": [], "summary": {"covered_lines": 0, "num_statements": 10, "percent_covered": 0.0, "percent_covered_display": "0", "missing_lines": 10, "excluded_lines": 0}, "missing_lines": [296, 297, 304, 305, 307, 309, 310, 311, 312, 313], "excluded_lines": []}, "get_user_presence": {"executed_lines": [], "summary": {"covered_lines": 0, "num_statements": 22, "percent_covered": 0.0, "percent_covered_display": "0", "missing_lines": 22, "excluded_lines": 0}, "missing_lines": [325, 326, 327, 330, 336, 337, 345, 346, 350, 351, 352, 353, 355, 364, 366, 376, 378, 385, 386, 387, 388, 389], "excluded_lines": []}, "get_active_connections": {"executed_lines": [], "summary": {"covered_lines": 0, "num_statements": 12, "percent_covered": 0.0, "percent_covered_display": "0", "missing_lines": 12, "excluded_lines": 0}, "missing_lines": [405, 406, 409, 414, 416, 417, 420, 424, 439, 445, 446, 447], "excluded_lines": []}, "notify_revelation_shared": {"executed_lines": [], "summary": {"covered_lines": 0, "num_statements": 12, "percent_covered": 0.0, "percent_covered_display": "0", "missing_lines": 12, "excluded_lines": 0}, "missing_lines": [459, 460, 461, 463, 467, 468, 470, 472, 473, 474, 475, 476], "excluded_lines": []}, "get_system_stats": {"executed_lines": [], "summary": {"covered_lines": 0, "num_statements": 2, "percent_covered": 0.0, "percent_covered_display": "0", "missing_lines": 2, "excluded_lines": 0}, "missing_lines": [489, 491], "excluded_lines": []}, "cleanup_stale_sessions": {"executed_lines": [], "summary": {"covered_lines": 0, "num_statements": 6, "percent_covered": 0.0, "percent_covered_display": "0", "missing_lines": 6, "excluded_lines": 0}, "missing_lines": [505, 507, 509, 511, 512, 513], "excluded_lines": []}, "": {"executed_lines": [1, 5, 6, 7, 9, 10, 11, 12, 14, 15, 16, 17, 18, 19, 21, 22, 25, 26, 104, 105, 138, 139, 181, 182, 205, 206, 286, 287, 316, 317, 397, 398, 450, 451, 481, 482, 497, 498], "summary": {"covered_lines": 37, "num_statements": 37, "percent_covered": 100.0, "percent_covered_display": "100", "missing_lines": 0, "excluded_lines": 0}, "missing_lines": [], "excluded_lines": []}}, "classes": {"": {"executed_lines": [1, 5, 6, 7, 9, 10, 11, 12, 14, 15, 16, 17, 18, 19, 21, 22, 25, 26, 104, 105, 138, 139, 181, 182, 205, 206, 286, 287, 316, 317, 397, 398, 450, 451, 481, 482, 497, 498], "summary": {"covered_lines": 37, "num_statements": 200, "percent_covered": 18.5, "percent_covered_display": "18", "missing_lines": 163, "excluded_lines": 0}, "missing_lines": [34, 35, 37, 38, 39, 40, 43, 46, 53, 54, 57, 58, 60, 61, 64, 66, 67, 73, 74, 75, 76, 77, 78, 83, 84, 85, 91, 92, 93, 94, 98, 99, 112, 114, 119, 121, 133, 134, 135, 148, 150, 152, 153, 157, 158, 160, 162, 164, 170, 171, 172, 173, 174, 190, 191, 193, 194, 196, 198, 199, 200, 201, 202, 215, 216, 217, 220, 223, 224, 225, 226, 227, 228, 229, 231, 234, 235, 236, 238, 239, 240, 242, 244, 245, 249, 250, 252, 253, 255, 257, 258, 265, 267, 268, 275, 276, 277, 278, 279, 296, 297, 304, 305, 307, 309, 310, 311, 312, 313, 325, 326, 327, 330, 336, 337, 345, 346, 350, 351, 352, 353, 355, 364, 366, 376, 378, 385, 386, 387, 388, 389, 405, 406, 409, 414, 416, 417, 420, 424, 439, 445, 446, 447, 459, 460, 461, 463, 467, 468, 470, 472, 473, 474, 475, 476, 489, 491, 505, 507, 509, 511, 512, 513], "excluded_lines": []}}}, "app/core/auth.py": {"executed_lines": [1, 2, 3, 4, 5, 6, 8, 9, 10, 12, 14, 47, 57, 72], "summary": {"covered_lines": 14, "num_statements": 44, "percent_covered": 31.818181818181817, "percent_covered_display": "32", "missing_lines": 30, "excluded_lines": 0}, "missing_lines": [21, 27, 28, 29, 30, 32, 33, 34, 36, 37, 40, 41, 42, 44, 54, 64, 65, 69, 76, 77, 78, 79, 81, 82, 83, 85, 86, 88, 89, 90], "excluded_lines": [], "functions": {"get_current_user": {"executed_lines": [], "summary": {"covered_lines": 0, "num_statements": 14, "percent_covered": 0.0, "percent_covered_display": "0", "missing_lines": 14, "excluded_lines": 0}, "missing_lines": [21, 27, 28, 29, 30, 32, 33, 34, 36, 37, 40, 41, 42, 44], "excluded_lines": []}, "get_current_active_user": {"executed_lines": [], "summary": {"covered_lines": 0, "num_statements": 1, "percent_covered": 0.0, "percent_covered_display": "0", "missing_lines": 1, "excluded_lines": 0}, "missing_lines": [54], "excluded_lines": []}, "get_current_admin_user": {"executed_lines": [], "summary": {"covered_lines": 0, "num_statements": 3, "percent_covered": 0.0, "percent_covered_display": "0", "missing_lines": 3, "excluded_lines": 0}, "missing_lines": [64, 65, 69], "excluded_lines": []}, "get_user_from_token": {"executed_lines": [], "summary": {"covered_lines": 0, "num_statements": 12, "percent_covered": 0.0, "percent_covered_display": "0", "missing_lines": 12, "excluded_lines": 0}, "missing_lines": [76, 77, 78, 79, 81, 82, 83, 85, 86, 88, 89, 90], "excluded_lines": []}, "": {"executed_lines": [1, 2, 3, 4, 5, 6, 8, 9, 10, 12, 14, 47, 57, 72], "summary": {"covered_lines": 14, "num_statements": 14, "percent_covered": 100.0, "percent_covered_display": "100", "missing_lines": 0, "excluded_lines": 0}, "missing_lines": [], "excluded_lines": []}}, "classes": {"": {"executed_lines": [1, 2, 3, 4, 5, 6, 8, 9, 10, 12, 14, 47, 57, 72], "summary": {"covered_lines": 14, "num_statements": 44, "percent_covered": 31.818181818181817, "percent_covered_display": "32", "missing_lines": 30, "excluded_lines": 0}, "missing_lines": [21, 27, 28, 29, 30, 32, 33, 34, 36, 37, 40, 41, 42, 44, 54, 64, 65, 69, 76, 77, 78, 79, 81, 82, 83, 85, 86, 88, 89, 90], "excluded_lines": []}}}, "app/core/database.py": {"executed_lines": [1, 2, 3, 4, 5, 7, 9, 14, 31, 33, 36, 39, 41, 44], "summary": {"covered_lines": 14, "num_statements": 18, "percent_covered": 77.77777777777777, "percent_covered_display": "78", "missing_lines": 4, "excluded_lines": 0}, "missing_lines": [46, 47, 48, 50], "excluded_lines": [], "functions": {"create_tables": {"executed_lines": [39, 41], "summary": {"covered_lines": 2, "num_statements": 2, "percent_covered": 100.0, "percent_covered_display": "100", "missing_lines": 0, "excluded_lines": 0}, "missing_lines": [], "excluded_lines": []}, "get_db": {"executed_lines": [], "summary": {"covered_lines": 0, "num_statements": 4, "percent_covered": 0.0, "percent_cover
[...]
, 107, 108, 109, 112, 187, 203, 205, 206, 207, 208, 210, 211, 214, 219, 221, 222, 223, 224, 225, 228, 235, 237, 240, 242, 243, 245, 246, 247, 248, 253, 255, 256, 259, 264, 265, 266, 269, 272, 273, 274, 275, 278, 281, 283, 284, 285, 290, 292, 301, 311, 312, 314, 315, 317, 318, 320, 321, 323, 324, 327, 338, 339, 341, 343, 344, 347, 349, 350, 351, 353, 354, 355, 356, 361, 364, 365, 368, 384, 389, 392, 393, 394, 395, 396, 397, 400, 401, 402, 404, 405, 406, 407, 413, 416, 418, 419, 420, 422, 425, 427, 433, 447, 461, 476, 489, 502, 514, 527, 529, 530, 532, 533, 536, 539, 545, 547, 548, 549, 554, 556, 557, 561, 562, 563, 564, 569, 570, 579, 580, 582, 583, 588, 589, 594, 595, 596, 597, 599, 600, 602, 607, 610, 616, 617, 618, 622, 623, 625, 630, 632, 633, 635, 637, 638, 640, 641, 642], "excluded_lines": []}, "": {"executed_lines": [4, 5, 6, 7, 8, 9, 10, 11, 12, 13, 14, 15, 16, 17, 18, 20, 22, 23, 24, 25, 26, 27, 28, 29, 30, 31, 32, 34, 35, 36, 37, 38, 40, 41, 42, 43, 45, 46, 47, 48, 50, 51, 52, 53, 54, 55, 56, 57, 58, 59, 60, 61, 62, 63, 65, 66, 67, 68, 69, 70, 71, 73, 74, 76, 77, 78, 79, 80, 81, 82, 83, 84, 86, 87, 89, 90, 91, 92, 93, 94, 95, 96, 97, 98, 100, 101, 105, 200, 250, 287, 358, 386, 430, 444, 458, 473, 486, 499, 512, 525, 551, 566, 585, 604, 620, 645, 647, 654], "summary": {"covered_lines": 107, "num_statements": 112, "percent_covered": 95.53571428571429, "percent_covered_display": "96", "missing_lines": 5, "excluded_lines": 0}, "missing_lines": [650, 651, 652, 658, 661], "excluded_lines": []}}}, "app/services/realtime.py": {"executed_lines": [1, 3, 4, 5, 6, 9, 10, 15, 16, 18, 20, 22, 34, 39, 48, 59, 70], "summary": {"covered_lines": 16, "num_statements": 49, "percent_covered": 32.6530612244898, "percent_covered_display": "33", "missing_lines": 33, "excluded_lines": 0}, "missing_lines": [23, 24, 27, 28, 29, 30, 31, 32, 35, 36, 37, 40, 41, 42, 43, 44, 45, 46, 49, 50, 51, 52, 53, 54, 55, 56, 57, 60, 61, 62, 63, 64, 66], "excluded_lines": [], "functions": {"ConnectionManager.__init__": {"executed_lines": [16, 18, 20], "summary": {"covered_lines": 3, "num_statements": 3, "percent_covered": 100.0, "percent_covered_display": "100", "missing_lines": 0, "excluded_lines": 0}, "missing_lines": [], "excluded_lines": []}, "ConnectionManager.connect": {"executed_lines": [], "summary": {"covered_lines": 0, "num_statements": 8, "percent_covered": 0.0, "percent_covered_display": "0", "missing_lines": 8, "excluded_lines": 0}, "missing_lines": [23, 24, 27, 28, 29, 30, 31, 32], "excluded_lines": []}, "ConnectionManager.disconnect": {"executed_lines": [], "summary": {"covered_lines": 0, "num_statements": 3, "percent_covered": 0.0, "percent_covered_display": "0", "missing_lines": 3, "excluded_lines": 0}, "missing_lines": [35, 36, 37], "excluded_lines": []}, "ConnectionManager.broadcast": {"executed_lines": [], "summary": {"covered_lines": 0, "num_statements": 7, "percent_covered": 0.0, "percent_covered_display": "0", "missing_lines": 7, "excluded_lines": 0}, "missing_lines": [40, 41, 42, 43, 44, 45, 46], "excluded_lines": []}, "ConnectionManager.send_to_all_except": {"executed_lines": [], "summary": {"covered_lines": 0, "num_statements": 9, "percent_covered": 0.0, "percent_covered_display": "0", "missing_lines": 9, "excluded_lines": 0}, "missing_lines": [49, 50, 51, 52, 53, 54, 55, 56, 57], "excluded_lines": []}, "ConnectionManager._safe_send_text": {"executed_lines": [], "summary": {"covered_lines": 0, "num_statements": 6, "percent_covered": 0.0, "percent_covered_display": "0", "missing_lines": 6, "excluded_lines": 0}, "missing_lines": [60, 61, 62, 63, 64, 66], "excluded_lines": []}, "": {"executed_lines": [1, 3, 4, 5, 6, 9, 10, 15, 22, 34, 39, 48, 59, 70], "summary": {"covered_lines": 13, "num_statements": 13, "percent_covered": 100.0, "percent_covered_display": "100", "missing_lines": 0, "excluded_lines": 0}, "missing_lines": [], "excluded_lines": []}}, "classes": {"ConnectionManager": {"executed_lines": [16, 18, 20], "summary": {"covered_lines": 3, "num_statements": 36, "percent_covered": 8.333333333333334, "percent_covered_display": "8", "missing_lines": 33, "excluded_lines": 0}, "missing_lines": [23, 24, 27, 28, 29, 30, 31, 32, 35, 36, 37, 40, 41, 42, 43, 44, 45, 46, 49, 50, 51, 52, 53, 54, 55, 56, 57, 60, 61, 62, 63, 64, 66], "excluded_lines": []}, "": {"executed_lines": [1, 3, 4, 5, 6, 9, 10, 15, 22, 34, 39, 48, 59, 70], "summary": {"covered_lines": 13, "num_statements": 13, "percent_covered": 100.0, "percent_covered_display": "100", "missing_lines": 0, "excluded_lines": 0}, "missing_lines": [], "excluded_lines": []}}}, "app/services/storage.py": {"executed_lines": [1, 2, 3, 4, 5, 8, 11, 17, 20, 39, 53, 75], "summary": {"covered_lines": 12, "num_statements": 45, "percent_covered": 26.666666666666668, "percent_covered_display": "27", "missing_lines": 33, "excluded_lines": 0}, "missing_lines": [22, 24, 25, 28, 33, 34, 35, 36, 41, 43, 46, 47, 48, 49, 50, 56, 57, 60, 63, 64, 67, 68, 69, 70, 72, 77, 78, 81, 82, 85, 88, 91, 93], "excluded_lines": [], "functions": {"upload_file": {"executed_lines": [], "summary": {"covered_lines": 0, "num_statements": 8, "percent_covered": 0.0, "percent_covered_display": "0", "missing_lines": 8, "excluded_lines": 0}, "missing_lines": [22, 24, 25, 28, 33, 34, 35, 36], "excluded_lines": []}, "delete_file": {"executed_lines": [], "summary": {"covered_lines": 0, "num_statements": 7, "percent_covered": 0.0, "percent_covered_display": "0", "missing_lines": 7, "excluded_lines": 0}, "missing_lines": [41, 43, 46, 47, 48, 49, 50], "excluded_lines": []}, "validate_file_upload": {"executed_lines": [], "summary": {"covered_lines": 0, "num_statements": 10, "percent_covered": 0.0, "percent_covered_display": "0", "missing_lines": 10, "excluded_lines": 0}, "missing_lines": [56, 57, 60, 63, 64, 67, 68, 69, 70, 72], "excluded_lines": []}, "generate_secure_filename": {"executed_lines": [], "summary": {"covered_lines": 0, "num_statements": 8, "percent_covered": 0.0, "percent_covered_display": "0", "missing_lines": 8, "excluded_lines": 0}, "missing_lines": [77, 78, 81, 82, 85, 88, 91, 93], "excluded_lines": []}, "": {"executed_lines": [1, 2, 3, 4, 5, 8, 11, 17, 20, 39, 53, 75], "summary": {"covered_lines": 12, "num_statements": 12, "percent_covered": 100.0, "percent_covered_display": "100", "missing_lines": 0, "excluded_lines": 0}, "missing_lines": [], "excluded_lines": []}}, "classes": {"": {"executed_lines": [1, 2, 3, 4, 5, 8, 11, 17, 20, 39, 53, 75], "summary": {"covered_lines": 12, "num_statements": 45, "percent_covered": 26.666666666666668, "percent_covered_display": "27", "missing_lines": 33, "excluded_lines": 0}, "missing_lines": [22, 24, 25, 28, 33, 34, 35, 36, 41, 43, 46, 47, 48, 49, 50, 56, 57, 60, 63, 64, 67, 68, 69, 70, 72, 77, 78, 81, 82, 85, 88, 91, 93], "excluded_lines": []}}}, "app/services/user_safety_simplified.py": {"executed_lines": [5, 6, 7, 8, 9, 10, 11, 12, 14, 16, 17, 18, 19, 20, 21, 22, 23, 24, 25, 26, 28, 29, 30, 31, 32, 33, 35, 36, 37, 38, 39, 40, 41, 42, 43, 45, 46, 47, 48, 49, 50, 52, 53, 54, 55, 56, 57, 58, 59, 60, 62, 63, 68, 89, 142, 169, 198, 229, 257, 282, 298, 324, 345, 382, 400], "summary": {"covered_lines": 64, "num_statements": 186, "percent_covered": 34.40860215053763, "percent_covered_display": "34", "missing_lines": 122, "excluded_lines": 0}, "missing_lines": [70, 71, 72, 75, 93, 95, 96, 97, 100, 103, 117, 118, 121, 122, 123, 124, 127, 129, 138, 139, 140, 146, 147, 149, 150, 153, 157, 158, 161, 164, 165, 167, 171, 172, 173, 176, 177, 178, 179, 181, 183, 187, 188, 189, 190, 192, 200, 201, 204, 214, 217, 218, 220, 227, 233, 236, 237, 238, 239, 240, 241, 244, 245, 246, 247, 249, 251, 253, 255, 260, 261, 262, 264, 265, 266, 268, 269, 270, 273, 274, 276, 284, 296, 302, 305, 308, 309, 313, 315, 327, 328, 330, 331, 332, 333, 335, 347, 348, 350, 353, 354, 355, 357, 358, 359, 361, 362, 363, 366, 371, 372, 373, 374, 376, 384, 387, 397, 398, 402, 408, 409, 412], "excluded_lines": [], "functions": {"UserSafetyService.__init__": {"executed_lines": [], "summary": {"covered_lines": 0, "num_statements": 4, "percent_covered": 0.0, "percent_covered_display": "0", "missing_lines": 4, "excluded_lines": 0}, "missing_lines": [70, 71, 72, 75], "excluded_lines": []}, "UserSafetyService.submit_report": {"executed_lines": [], "summary": {"covered_lines": 0, "num_statements": 17, "percent_covered": 0.0, "percent_covered_display": "0", "missing_lines": 17, "excluded_lines": 0}, "missing_lines": [93, 95, 96, 97, 100, 103, 117, 118, 121, 122, 123, 124, 127, 129, 138, 139, 140], "excluded_lines": []}, "UserSafetyService._validate_report": {"executed_lines": [], "summary": {"covered_lines": 0, "num_statements": 11, "percent_covered": 0.0, "percent_covered_display": "0", "missing_lines": 11, "excluded_lines": 0}, "missing_lines": [146, 147, 149, 150, 153, 157, 158, 161, 164, 165, 167], "excluded_lines": []}, "UserSafetyService._check_immediate_action_required": {"executed_lines": [], "summary": {"covered_lines": 0, "num_statements": 14, "percent_covered": 0.0, "percent_covered_display": "0", "missing_lines": 14, "excluded_lines": 0}, "missing_lines": [171, 172, 173, 176, 177, 178, 179, 181, 183, 187, 188, 189, 190, 192], "excluded_lines": []}, "UserSafetyService._take_immediate_action": {"executed_lines": [], "summary": {"covered_lines": 0, "num_statements": 8, "percent_covered": 0.0, "percent_covered_display": "0", "missing_lines": 8, "excluded_lines": 0}, "missing_lines": [200, 201, 204, 214, 217, 218, 220, 227], "excluded_lines": []}, "UserSafetyService._check_multiple_reports": {"executed_lines": [], "summary": {"covered_lines": 0, "num_statements": 15, "percent_covered": 0.0, "percent_covered_display": "0", "missing_lines": 15, "excluded_lines": 0}, "missing_lines": [233, 236, 237, 238, 239, 240, 241, 244, 245, 246, 247, 249, 251, 253, 255], "excluded_lines": []}, "UserSafetyService._take_threshold_action": {"executed_lines": [], "summary": {"covered_lines": 0, "num_statements": 12, "percent_covered": 0.0, "percent_covered_display": "0", "missing_lines": 12, "excluded_lines": 0}, "missing_lines": [260, 261, 262, 264, 265, 266, 268, 269, 270, 273, 274, 276], "excluded_lines": []}, "UserSafetyService._get_estimated_review_time": {"executed_lines": [], "summary": {"covered_lines": 0, "num_statements": 2, "percent_covered": 0.0, "percent_covered_display": "0", "missing_lines": 2, "excluded_lines": 0}, "missing_lines": [284, 296], "excluded_lines": []}, "UserSafetyService.get_user_safety_status": {"executed_lines": [], "summary": {"covered_lines": 0, "num_statements": 6, "percent_covered": 0.0, "percent_covered_display": "0", "missing_lines": 6, "excluded_lines": 0}, "missing_lines": [302, 305, 308, 309, 313, 315], "excluded_lines": []}, "UserSafetyService.get_reports_summary": {"executed_lines": [], "summary": {"covered_lines": 0, "num_statements": 7, "percent_covered": 0.0, "percent_covered_display": "0", "missing_lines": 7, "excluded_lines": 0}, "missing_lines": [327, 328, 330, 331, 332, 333, 335], "excluded_lines": []}, "moderate_user_content": {"executed_lines": [], "summary": {"covered_lines": 0, "num_statements": 18, "percent_covered": 0.0, "percent_covered_display": "0", "missing_lines": 18, "excluded_lines": 0}, "missing_lines": [347, 348, 350, 353, 354, 355, 357, 358, 359, 361, 362, 363, 366, 371, 372, 373, 374, 376], "excluded_lines": []}, "report_user": {"executed_lines": [], "summary": {"covered_lines": 0, "num_statements": 4, "percent_covered": 0.0, "percent_covered_display": "0", "missing_lines": 4, "excluded_lines": 0}, "missing_lines": [384, 387, 397, 398], "excluded_lines": []}, "detect_spam": {"executed_lines": [], "summary": {"covered_lines": 0, "num_statements": 4, "percent_covered": 0.0, "percent_covered_display": "0", "missing_lines": 4, "excluded_lines": 0}, "missing_lines": [402, 408, 409, 412], "excluded_lines": []}, "": {"executed_lines": [5, 6, 7, 8, 9, 10, 11, 12, 14, 16, 17, 18, 19, 20, 21, 22, 23, 24, 25, 26, 28, 29, 30, 31, 32, 33, 35, 36, 37, 38, 39, 40, 41, 42, 43, 45, 46, 47, 48, 49, 50, 52, 53, 54, 55, 56, 57, 58, 59, 60, 62, 63, 68, 89, 142, 169, 198, 229, 257, 282, 298, 324, 345, 382, 400], "summary": {"covered_lines": 64, "num_statements": 64, "percent_covered": 100.0, "percent_covered_display": "100", "missing_lines": 0, "excluded_lines": 0}, "missing_lines": [], "excluded_lines": []}}, "classes": {"ReportCategory": {"executed_lines": [], "summary": {"covered_lines": 0, "num_statements": 0, "percent_covered": 100.0, "percent_covered_display": "100", "missing_lines": 0, "excluded_lines": 0}, "missing_lines": [], "excluded_lines": []}, "ReportStatus": {"executed_lines": [], "summary": {"covered_lines": 0, "num_statements": 0, "percent_covered": 100.0, "percent_covered_display": "100", "missing_lines": 0, "excluded_lines": 0}, "missing_lines": [], "excluded_lines": []}, "ActionType": {"executed_lines": [], "summary": {"covered_lines": 0, "num_statements": 0, "percent_covered": 100.0, "percent_covered_display": "100", "missing_lines": 0, "excluded_lines": 0}, "missing_lines": [], "excluded_lines": []}, "SafetyStatus": {"executed_lines": [], "summary": {"covered_lines": 0, "num_statements": 0, "percent_covered": 100.0, "percent_covered_display": "100", "missing_lines": 0, "excluded_lines": 0}, "missing_lines": [], "excluded_lines": []}, "UserReport": {"executed_lines": [], "summary": {"covered_lines": 0, "num_statements": 0, "percent_covered": 100.0, "percent_covered_display": "100", "missing_lines": 0, "excluded_lines": 0}, "missing_lines": [], "excluded_lines": []}, "UserSafetyService": {"executed_lines": [], "summary": {"covered_lines": 0, "num_statements": 96, "percent_covered": 0.0, "percent_covered_display": "0", "missing_lines": 96, "excluded_lines": 0}, "missing_lines": [70, 71, 72, 75, 93, 95, 96, 97, 100, 103, 117, 118, 121, 122, 123, 124, 127, 129, 138, 139, 140, 146, 147, 149, 150, 153, 157, 158, 161, 164, 165, 167, 171, 172, 173, 176, 177, 178, 179, 181, 183, 187, 188, 189, 190, 192, 200, 201, 204, 214, 217, 218, 220, 227, 233, 236, 237, 238, 239, 240, 241, 244, 245, 246, 247, 249, 251, 253, 255, 260, 261, 262, 264, 265, 266, 268, 269, 270, 273, 274, 276, 284, 296, 302, 305, 308, 309, 313, 315, 327, 328, 330, 331, 332, 333, 335], "excluded_lines": []}, "": {"executed_lines": [5, 6, 7, 8, 9, 10, 11, 12, 14, 16, 17, 18, 19, 20, 21, 22, 23, 24, 25, 26, 28, 29, 30, 31, 32, 33, 35, 36, 37, 38, 39, 40, 41, 42, 43, 45, 46, 47, 48, 49, 50, 52, 53, 54, 55, 56, 57, 58, 59, 60, 62, 63, 68, 89, 142, 169, 198, 229, 257, 282, 298, 324, 345, 382, 400], "summary": {"covered_lines": 64, "num_statements": 90, "percent_covered": 71.11111111111111, "percent_covered_display": "71", "missing_lines": 26, "excluded_lines": 0}, "missing_lines": [347, 348, 350, 353, 354, 355, 357, 358, 359, 361, 362, 363, 366, 371, 372, 373, 374, 376, 384, 387, 397, 398, 402, 408, 409, 412], "excluded_lines": []}}}, "app/utils/error_handler.py": {"executed_lines": [1, 2, 3, 4, 5, 6, 7, 9, 12, 40, 41, 54, 55, 59, 60, 68, 69, 73, 74, 80, 81, 85, 117], "summary": {"covered_lines": 23, "num_statements": 48, "percent_covered": 47.916666666666664, "percent_covered_display": "48", "missing_lines": 25, "excluded_lines": 0}, "missing_lines": [14, 17, 18, 19, 20, 23, 24, 32, 33, 34, 35, 37, 47, 56, 61, 70, 75, 82, 90, 93, 94, 95, 96, 100, 119], "excluded_lines": [], "functions": {"get_error_cors_origin": {"executed_lines": [], "summary": {"covered_lines": 0, "num_statements": 12, "percent_covered": 0.0, "percent_covered_display": "0", "missing_lines": 12, "excluded_lines": 0}, "missing_lines": [14, 17, 18, 19, 20, 23, 24, 32, 33, 34, 35, 37], "excluded_lines": []}, "APIError.__init__": {"executed_lines": [], "summary": {"covered_lines": 0, "num_statements": 1, "percent_covered": 0.0, "percent_covered_display": "0", "missing_lines": 1, "excluded_lines": 0}, "missing_lines": [47], "excluded_lines": []}, "NotFoundError.__init__": {"executed_lines": [], "summary": {"covered_lines": 0, "num_statements": 1, "percent_covered": 0.0, "percent_covered_display": "0", "missing_lines": 1, "excluded_lines": 0}, "missing_lines": [56], "excluded_lines": []}, "UnauthorizedError.__init__": {"executed_lines": [], "summary": {"covered_lines": 0, "num_statements": 1, "percent_covered": 0.0, "percent_covered_display": "0", "missing_lines": 1, "excluded_lines": 0}, "missing_lines": [61], "excluded_lines": []}, "ForbiddenError.__init__": {"executed_lines": [], "summary": {"covered_lines": 0, "num_statements": 1, "percent_covered": 0.0, "percent_covered_display": "0", "missing_lines": 1, "excluded_lines": 0}, "missing_lines": [70], "excluded_lines": []}, "CustomValidationError.__init__": {"executed_lines": [], "summary": {"covered_lines": 0, "num_statements": 1, "percent_covered": 0.0, "percent_covered_display": "0", "missing_lines": 1, "excluded_lines": 0}, "missing_lines": [75], "excluded_lines": []}, "BadRequestError.__init__": {"executed_lines": [], "summary": {"covered_lines": 0, "num_statements": 1, "percent_covered": 0.0, "percent_covered_display": "0", "missing_lines": 1, "excluded_lines": 0}, "missing_lines": [82], "excluded_lines": []}, "validation_error_handler": {"executed_lines": [], "summary": {"covered_lines": 0, "num_statements": 6, "percent_covered": 0.0, "percent_covered_display": "0", "missing_lines": 6, "excluded_lines": 0}, "missing_lines": [90, 93, 94, 95, 96, 100], "excluded_lines": []}, "get_secure_cors_config": {"executed_lines": [], "summary": {"covered_lines": 0, "num_statements": 1, "percent_covered": 0.0, "percent_covered_display": "0", "missing_lines": 1, "excluded_lines": 0}, "missing_lines": [119], "excluded_lines": []}, "": {"executed_lines": [1, 2, 3, 4, 5, 6, 7, 9, 12, 40, 41, 54, 55, 59, 60, 68, 69, 73, 74, 80, 81, 85, 117], "summary": {"covered_lines": 23, "num_statements": 23, "percent_covered": 100.0, "percent_covered_display": "100", "missing_lines": 0, "excluded_lines": 0}, "missing_lines": [], "excluded_lines": []}}, "classes": {"APIError": {"executed_lines": [], "summary": {"covered_lines": 0, "num_statements": 1, "percent_covered": 0.0, "percent_covered_display": "0", "missing_lines": 1, "excluded_lines": 0}, "missing_lines": [47], "excluded_lines": []}, "NotFoundError": {"executed_lines": [], "summary": {"covered_lines": 0, "num_statements": 1, "percent_covered": 0.0, "percent_covered_display": "0", "missing_lines": 1, "excluded_lines": 0}, "missing_lines": [56], "excluded_lines": []}, "UnauthorizedError": {"executed_lines": [], "summary": {"covered_lines": 0, "num_statements": 1, "percent_covered": 0.0, "percent_covered_display": "0", "missing_lines": 1, "excluded_lines": 0}, "missing_lines": [61], "excluded_lines": []}, "ForbiddenError": {"executed_lines": [], "summary": {"covered_lines": 0, "num_statements": 1, "percent_covered": 0.0, "percent_covered_display": "0", "missing_lines": 1, "excluded_lines": 0}, "missing_lines": [70], "excluded_lines": []}, "CustomValidationError": {"executed_lines": [], "summary": {"covered_lines": 0, "num_statements": 1, "percent_covered": 0.0, "percent_covered_display": "0", "missing_lines": 1, "excluded_lines": 0}, "missing_lines": [75], "excluded_lines": []}, "BadRequestError": {"executed_lines": [], "summary": {"covered_lines": 0, "num_statements": 1, "percent_covered": 0.0, "percent_covered_display": "0", "missing_lines": 1, "excluded_lines": 0}, "missing_lines": [82], "excluded_lines": []}, "": {"executed_lines": [1, 2, 3, 4, 5, 6, 7, 9, 12, 40, 41, 54, 55, 59, 60, 68, 69, 73, 74, 80, 81, 85, 117], "summary": {"covered_lines": 23, "num_statements": 42, "percent_covered": 54.76190476190476, "percent_covered_display": "55", "missing_lines": 19, "excluded_lines": 0}, "missing_lines": [14, 17, 18, 19, 20, 23, 24, 32, 33, 34, 35, 37, 90, 93, 94, 95, 96, 100, 119], "excluded_lines": []}}}}, "totals": {"covered_lines": 3150, "num_statements": 5428, "percent_covered": 58.032424465733236, "percent_covered_display": "58", "missing_lines": 2278, "excluded_lines": 0}}